{"/Users/abenezerdara/Desktop/tinkering/workout-buddy/App.tsx": {"path":"/Users/abenezerdara/Desktop/tinkering/workout-buddy/App.tsx","statementMap":{"0":{"start":{"line":18,"column":22},"end":{"line":175,"column":null}},"1":{"start":{"line":19,"column":36},"end":{"line":19,"column":null}},"2":{"start":{"line":20,"column":40},"end":{"line":20,"column":null}},"3":{"start":{"line":21,"column":52},"end":{"line":21,"column":null}},"4":{"start":{"line":22,"column":40},"end":{"line":22,"column":null}},"5":{"start":{"line":23,"column":34},"end":{"line":23,"column":null}},"6":{"start":{"line":24,"column":26},"end":{"line":24,"column":null}},"7":{"start":{"line":25,"column":36},"end":{"line":25,"column":null}},"8":{"start":{"line":26,"column":24},"end":{"line":26,"column":null}},"9":{"start":{"line":28,"column":2},"end":{"line":47,"column":null}},"10":{"start":{"line":29,"column":4},"end":{"line":46,"column":null}},"11":{"start":{"line":30,"column":18},"end":{"line":30,"column":null}},"12":{"start":{"line":31,"column":6},"end":{"line":31,"column":null}},"13":{"start":{"line":34,"column":6},"end":{"line":40,"column":null}},"14":{"start":{"line":35,"column":8},"end":{"line":39,"column":null}},"15":{"start":{"line":36,"column":10},"end":{"line":36,"column":null}},"16":{"start":{"line":38,"column":10},"end":{"line":38,"column":null}},"17":{"start":{"line":42,"column":6},"end":{"line":42,"column":null}},"18":{"start":{"line":44,"column":6},"end":{"line":44,"column":null}},"19":{"start":{"line":45,"column":6},"end":{"line":45,"column":null}},"20":{"start":{"line":49,"column":2},"end":{"line":63,"column":null}},"21":{"start":{"line":50,"column":4},"end":{"line":61,"column":null}},"22":{"start":{"line":56,"column":25},"end":{"line":56,"column":null}},"23":{"start":{"line":65,"column":2},"end":{"line":65,"column":null}},"24":{"start":{"line":65,"column":20},"end":{"line":65,"column":null}},"25":{"start":{"line":67,"column":21},"end":{"line":67,"column":null}},"26":{"start":{"line":67,"column":27},"end":{"line":67,"column":null}},"27":{"start":{"line":69,"column":23},"end":{"line":88,"column":null}},"28":{"start":{"line":70,"column":45},"end":{"line":85,"column":null}},"29":{"start":{"line":73,"column":30},"end":{"line":73,"column":null}},"30":{"start":{"line":74,"column":42},"end":{"line":81,"column":null}},"31":{"start":{"line":82,"column":8},"end":{"line":82,"column":null}},"32":{"start":{"line":86,"column":4},"end":{"line":86,"column":null}},"33":{"start":{"line":87,"column":4},"end":{"line":87,"column":null}},"34":{"start":{"line":90,"column":26},"end":{"line":93,"column":null}},"35":{"start":{"line":91,"column":4},"end":{"line":91,"column":null}},"36":{"start":{"line":92,"column":4},"end":{"line":92,"column":null}},"37":{"start":{"line":95,"column":21},"end":{"line":135,"column":null}},"38":{"start":{"line":96,"column":4},"end":{"line":134,"column":null}},"39":{"start":{"line":98,"column":8},"end":{"line":98,"column":null}},"40":{"start":{"line":100,"column":8},"end":{"line":108,"column":null}},"41":{"start":{"line":102,"column":28},"end":{"line":102,"column":null}},"42":{"start":{"line":111,"column":8},"end":{"line":121,"column":null}},"43":{"start":{"line":116,"column":14},"end":{"line":118,"column":null}},"44":{"start":{"line":117,"column":16},"end":{"line":117,"column":null}},"45":{"start":{"line":123,"column":8},"end":{"line":125,"column":null}},"46":{"start":{"line":124,"column":63},"end":{"line":124,"column":92}},"47":{"start":{"line":127,"column":8},"end":{"line":127,"column":null}},"48":{"start":{"line":129,"column":8},"end":{"line":129,"column":null}},"49":{"start":{"line":131,"column":8},"end":{"line":131,"column":null}},"50":{"start":{"line":133,"column":8},"end":{"line":133,"column":null}},"51":{"start":{"line":137,"column":18},"end":{"line":137,"column":null}},"52":{"start":{"line":139,"column":2},"end":{"line":173,"column":null}},"53":{"start":{"line":145,"column":33},"end":{"line":145,"column":61}},"54":{"start":{"line":155,"column":33},"end":{"line":155,"column":62}},"55":{"start":{"line":159,"column":33},"end":{"line":159,"column":57}},"56":{"start":{"line":163,"column":33},"end":{"line":163,"column":60}},"57":{"start":{"line":167,"column":33},"end":{"line":167,"column":61}}},"fnMap":{"0":{"name":"(anonymous_0)","decl":{"start":{"line":18,"column":22},"end":{"line":18,"column":28}},"loc":{"start":{"line":18,"column":28},"end":{"line":175,"column":null}},"line":18},"1":{"name":"(anonymous_1)","decl":{"start":{"line":28,"column":12},"end":{"line":28,"column":18}},"loc":{"start":{"line":28,"column":18},"end":{"line":47,"column":5}},"line":28},"2":{"name":"(anonymous_2)","decl":{"start":{"line":29,"column":20},"end":{"line":29,"column":32}},"loc":{"start":{"line":29,"column":32},"end":{"line":43,"column":5}},"line":29},"3":{"name":"(anonymous_3)","decl":{"start":{"line":34,"column":33},"end":{"line":34,"column":45}},"loc":{"start":{"line":34,"column":45},"end":{"line":40,"column":7}},"line":34},"4":{"name":"(anonymous_4)","decl":{"start":{"line":43,"column":13},"end":{"line":43,"column":20}},"loc":{"start":{"line":43,"column":20},"end":{"line":46,"column":5}},"line":43},"5":{"name":"(anonymous_5)","decl":{"start":{"line":56,"column":19},"end":{"line":56,"column":25}},"loc":{"start":{"line":56,"column":25},"end":{"line":56,"column":null}},"line":56},"6":{"name":"(anonymous_6)","decl":{"start":{"line":67,"column":21},"end":{"line":67,"column":27}},"loc":{"start":{"line":67,"column":27},"end":{"line":67,"column":null}},"line":67},"7":{"name":"(anonymous_7)","decl":{"start":{"line":69,"column":23},"end":{"line":69,"column":24}},"loc":{"start":{"line":69,"column":61},"end":{"line":88,"column":null}},"line":69},"8":{"name":"(anonymous_8)","decl":{"start":{"line":72,"column":36},"end":{"line":72,"column":41}},"loc":{"start":{"line":72,"column":41},"end":{"line":83,"column":7}},"line":72},"9":{"name":"(anonymous_9)","decl":{"start":{"line":90,"column":26},"end":{"line":90,"column":27}},"loc":{"start":{"line":90,"column":55},"end":{"line":93,"column":null}},"line":90},"10":{"name":"(anonymous_10)","decl":{"start":{"line":95,"column":21},"end":{"line":95,"column":27}},"loc":{"start":{"line":95,"column":27},"end":{"line":135,"column":null}},"line":95},"11":{"name":"(anonymous_11)","decl":{"start":{"line":102,"column":22},"end":{"line":102,"column":28}},"loc":{"start":{"line":102,"column":28},"end":{"line":102,"column":null}},"line":102},"12":{"name":"(anonymous_12)","decl":{"start":{"line":115,"column":22},"end":{"line":115,"column":28}},"loc":{"start":{"line":115,"column":28},"end":{"line":119,"column":null}},"line":115},"13":{"name":"(anonymous_13)","decl":{"start":{"line":124,"column":57},"end":{"line":124,"column":63}},"loc":{"start":{"line":124,"column":63},"end":{"line":124,"column":92}},"line":124},"14":{"name":"(anonymous_14)","decl":{"start":{"line":145,"column":27},"end":{"line":145,"column":33}},"loc":{"start":{"line":145,"column":33},"end":{"line":145,"column":61}},"line":145},"15":{"name":"(anonymous_15)","decl":{"start":{"line":155,"column":27},"end":{"line":155,"column":33}},"loc":{"start":{"line":155,"column":33},"end":{"line":155,"column":62}},"line":155},"16":{"name":"(anonymous_16)","decl":{"start":{"line":159,"column":27},"end":{"line":159,"column":33}},"loc":{"start":{"line":159,"column":33},"end":{"line":159,"column":57}},"line":159},"17":{"name":"(anonymous_17)","decl":{"start":{"line":163,"column":27},"end":{"line":163,"column":33}},"loc":{"start":{"line":163,"column":33},"end":{"line":163,"column":60}},"line":163},"18":{"name":"(anonymous_18)","decl":{"start":{"line":167,"column":27},"end":{"line":167,"column":33}},"loc":{"start":{"line":167,"column":33},"end":{"line":167,"column":61}},"line":167}},"branchMap":{"0":{"loc":{"start":{"line":31,"column":16},"end":{"line":31,"column":27}},"type":"binary-expr","locations":[{"start":{"line":31,"column":16},"end":{"line":31,"column":23}},{"start":{"line":31,"column":23},"end":{"line":31,"column":27}}],"line":31},"1":{"loc":{"start":{"line":38,"column":45},"end":{"line":38,"column":85}},"type":"cond-expr","locations":[{"start":{"line":38,"column":68},"end":{"line":38,"column":82}},{"start":{"line":38,"column":82},"end":{"line":38,"column":85}}],"line":38},"2":{"loc":{"start":{"line":45,"column":15},"end":{"line":45,"column":63}},"type":"cond-expr","locations":[{"start":{"line":45,"column":38},"end":{"line":45,"column":52}},{"start":{"line":45,"column":52},"end":{"line":45,"column":63}}],"line":45},"3":{"loc":{"start":{"line":49,"column":2},"end":{"line":63,"column":null}},"type":"if","locations":[{"start":{"line":49,"column":2},"end":{"line":63,"column":null}},{"start":{},"end":{}}],"line":49},"4":{"loc":{"start":{"line":65,"column":2},"end":{"line":65,"column":null}},"type":"if","locations":[{"start":{"line":65,"column":2},"end":{"line":65,"column":null}},{"start":{},"end":{}}],"line":65},"5":{"loc":{"start":{"line":71,"column":12},"end":{"line":71,"column":null}},"type":"binary-expr","locations":[{"start":{"line":71,"column":12},"end":{"line":71,"column":20}},{"start":{"line":71,"column":20},"end":{"line":71,"column":null}}],"line":71},"6":{"loc":{"start":{"line":73,"column":30},"end":{"line":73,"column":null}},"type":"cond-expr","locations":[{"start":{"line":73,"column":47},"end":{"line":73,"column":60}},{"start":{"line":73,"column":60},"end":{"line":73,"column":null}}],"line":73},"7":{"loc":{"start":{"line":96,"column":4},"end":{"line":134,"column":null}},"type":"switch","locations":[{"start":{"line":97,"column":6},"end":{"line":98,"column":null}},{"start":{"line":99,"column":6},"end":{"line":108,"column":null}},{"start":{"line":110,"column":6},"end":{"line":121,"column":null}},{"start":{"line":122,"column":6},"end":{"line":125,"column":null}},{"start":{"line":126,"column":6},"end":{"line":127,"column":null}},{"start":{"line":128,"column":6},"end":{"line":129,"column":null}},{"start":{"line":130,"column":6},"end":{"line":131,"column":null}},{"start":{"line":132,"column":6},"end":{"line":133,"column":null}}],"line":96},"8":{"loc":{"start":{"line":111,"column":15},"end":{"line":121,"column":null}},"type":"cond-expr","locations":[{"start":{"line":112,"column":10},"end":{"line":120,"column":null}},{"start":{"line":121,"column":12},"end":{"line":121,"column":null}}],"line":111},"9":{"loc":{"start":{"line":116,"column":14},"end":{"line":118,"column":null}},"type":"if","locations":[{"start":{"line":116,"column":14},"end":{"line":118,"column":null}},{"start":{},"end":{}}],"line":116},"10":{"loc":{"start":{"line":123,"column":15},"end":{"line":125,"column":null}},"type":"cond-expr","locations":[{"start":{"line":124,"column":10},"end":{"line":124,"column":null}},{"start":{"line":125,"column":12},"end":{"line":125,"column":null}}],"line":123},"11":{"loc":{"start":{"line":137,"column":18},"end":{"line":137,"column":null}},"type":"binary-expr","locations":[{"start":{"line":137,"column":18},"end":{"line":137,"column":45}},{"start":{"line":137,"column":45},"end":{"line":137,"column":null}}],"line":137},"12":{"loc":{"start":{"line":140,"column":62},"end":{"line":140,"column":84}},"type":"cond-expr","locations":[{"start":{"line":140,"column":72},"end":{"line":140,"column":82}},{"start":{"line":140,"column":82},"end":{"line":140,"column":84}}],"line":140},"13":{"loc":{"start":{"line":141,"column":7},"end":{"line":146,"column":null}},"type":"binary-expr","locations":[{"start":{"line":141,"column":7},"end":{"line":141,"column":17}},{"start":{"line":141,"column":17},"end":{"line":141,"column":45}},{"start":{"line":141,"column":45},"end":{"line":141,"column":null}},{"start":{"line":142,"column":8},"end":{"line":146,"column":null}}],"line":141},"14":{"loc":{"start":{"line":153,"column":7},"end":{"line":171,"column":null}},"type":"binary-expr","locations":[{"start":{"line":153,"column":7},"end":{"line":153,"column":34}},{"start":{"line":153,"column":34},"end":{"line":153,"column":null}},{"start":{"line":154,"column":8},"end":{"line":171,"column":null}}],"line":153},"15":{"loc":{"start":{"line":155,"column":109},"end":{"line":155,"column":201}},"type":"cond-expr","locations":[{"start":{"line":155,"column":168},"end":{"line":155,"column":186}},{"start":{"line":155,"column":186},"end":{"line":155,"column":201}}],"line":155},"16":{"loc":{"start":{"line":155,"column":109},"end":{"line":155,"column":168}},"type":"binary-expr","locations":[{"start":{"line":155,"column":109},"end":{"line":155,"column":140}},{"start":{"line":155,"column":140},"end":{"line":155,"column":168}}],"line":155},"17":{"loc":{"start":{"line":159,"column":104},"end":{"line":159,"column":162}},"type":"cond-expr","locations":[{"start":{"line":159,"column":129},"end":{"line":159,"column":147}},{"start":{"line":159,"column":147},"end":{"line":159,"column":162}}],"line":159},"18":{"loc":{"start":{"line":163,"column":107},"end":{"line":163,"column":168}},"type":"cond-expr","locations":[{"start":{"line":163,"column":135},"end":{"line":163,"column":153}},{"start":{"line":163,"column":153},"end":{"line":163,"column":168}}],"line":163},"19":{"loc":{"start":{"line":167,"column":108},"end":{"line":167,"column":170}},"type":"cond-expr","locations":[{"start":{"line":167,"column":137},"end":{"line":167,"column":155}},{"start":{"line":167,"column":155},"end":{"line":167,"column":170}}],"line":167}},"s":{"0":2,"1":11,"2":11,"3":11,"4":11,"5":11,"6":11,"7":11,"8":11,"9":11,"10":3,"11":1,"12":1,"13":1,"14":2,"15":2,"16":2,"17":1,"18":2,"19":2,"20":11,"21":2,"22":1,"23":9,"24":3,"25":6,"26":1,"27":6,"28":1,"29":1,"30":1,"31":1,"32":1,"33":1,"34":6,"35":1,"36":1,"37":6,"38":6,"39":2,"40":1,"41":0,"42":1,"43":0,"44":0,"45":1,"46":1,"47":1,"48":0,"49":0,"50":0,"51":6,"52":11,"53":0,"54":0,"55":0,"56":1,"57":0},"f":{"0":11,"1":3,"2":1,"3":2,"4":2,"5":1,"6":1,"7":1,"8":1,"9":1,"10":6,"11":0,"12":0,"13":1,"14":0,"15":0,"16":0,"17":1,"18":0},"b":{"0":[1,0],"1":[2,0],"2":[2,0],"3":[2,9],"4":[3,6],"5":[1,0],"6":[0,1],"7":[2,1,1,1,1,0,0,0],"8":[1,0],"9":[0,0],"10":[1,0],"11":[6,5],"12":[4,2],"13":[11,6,0,0],"14":[11,5,4],"15":[3,1],"16":[4,2],"17":[0,4],"18":[1,3],"19":[0,4]},"meta":{"lastBranch":20,"lastFunction":19,"lastStatement":58,"seen":{"s:18:22:175:Infinity":0,"f:18:22:18:28":0,"s:19:36:19:Infinity":1,"s:20:40:20:Infinity":2,"s:21:52:21:Infinity":3,"s:22:40:22:Infinity":4,"s:23:34:23:Infinity":5,"s:24:26:24:Infinity":6,"s:25:36:25:Infinity":7,"s:26:24:26:Infinity":8,"s:28:2:47:Infinity":9,"f:28:12:28:18":1,"s:29:4:46:Infinity":10,"f:29:20:29:32":2,"s:30:18:30:Infinity":11,"s:31:6:31:Infinity":12,"b:31:16:31:23:31:23:31:27":0,"s:34:6:40:Infinity":13,"f:34:33:34:45":3,"s:35:8:39:Infinity":14,"s:36:10:36:Infinity":15,"s:38:10:38:Infinity":16,"b:38:68:38:82:38:82:38:85":1,"s:42:6:42:Infinity":17,"f:43:13:43:20":4,"s:44:6:44:Infinity":18,"s:45:6:45:Infinity":19,"b:45:38:45:52:45:52:45:63":2,"b:49:2:63:Infinity:undefined:undefined:undefined:undefined":3,"s:49:2:63:Infinity":20,"s:50:4:61:Infinity":21,"f:56:19:56:25":5,"s:56:25:56:Infinity":22,"b:65:2:65:Infinity:undefined:undefined:undefined:undefined":4,"s:65:2:65:Infinity":23,"s:65:20:65:Infinity":24,"s:67:21:67:Infinity":25,"f:67:21:67:27":6,"s:67:27:67:Infinity":26,"s:69:23:88:Infinity":27,"f:69:23:69:24":7,"s:70:45:85:Infinity":28,"b:71:12:71:20:71:20:71:Infinity":5,"f:72:36:72:41":8,"s:73:30:73:Infinity":29,"b:73:47:73:60:73:60:73:Infinity":6,"s:74:42:81:Infinity":30,"s:82:8:82:Infinity":31,"s:86:4:86:Infinity":32,"s:87:4:87:Infinity":33,"s:90:26:93:Infinity":34,"f:90:26:90:27":9,"s:91:4:91:Infinity":35,"s:92:4:92:Infinity":36,"s:95:21:135:Infinity":37,"f:95:21:95:27":10,"b:97:6:98:Infinity:99:6:108:Infinity:110:6:121:Infinity:122:6:125:Infinity:126:6:127:Infinity:128:6:129:Infinity:130:6:131:Infinity:132:6:133:Infinity":7,"s:96:4:134:Infinity":38,"s:98:8:98:Infinity":39,"s:100:8:108:Infinity":40,"f:102:22:102:28":11,"s:102:28:102:Infinity":41,"s:111:8:121:Infinity":42,"b:112:10:120:Infinity:121:12:121:Infinity":8,"f:115:22:115:28":12,"b:116:14:118:Infinity:undefined:undefined:undefined:undefined":9,"s:116:14:118:Infinity":43,"s:117:16:117:Infinity":44,"s:123:8:125:Infinity":45,"b:124:10:124:Infinity:125:12:125:Infinity":10,"f:124:57:124:63":13,"s:124:63:124:92":46,"s:127:8:127:Infinity":47,"s:129:8:129:Infinity":48,"s:131:8:131:Infinity":49,"s:133:8:133:Infinity":50,"s:137:18:137:Infinity":51,"b:137:18:137:45:137:45:137:Infinity":11,"s:139:2:173:Infinity":52,"b:140:72:140:82:140:82:140:84":12,"b:141:7:141:17:141:17:141:45:141:45:141:Infinity:142:8:146:Infinity":13,"f:145:27:145:33":14,"s:145:33:145:61":53,"b:153:7:153:34:153:34:153:Infinity:154:8:171:Infinity":14,"f:155:27:155:33":15,"s:155:33:155:62":54,"b:155:168:155:186:155:186:155:201":15,"b:155:109:155:140:155:140:155:168":16,"f:159:27:159:33":16,"s:159:33:159:57":55,"b:159:129:159:147:159:147:159:162":17,"f:163:27:163:33":17,"s:163:33:163:60":56,"b:163:135:163:153:163:153:163:168":18,"f:167:27:167:33":18,"s:167:33:167:61":57,"b:167:137:167:155:167:155:167:170":19}}}
,"/Users/abenezerdara/Desktop/tinkering/workout-buddy/db.ts": {"path":"/Users/abenezerdara/Desktop/tinkering/workout-buddy/db.ts","statementMap":{"0":{"start":{"line":7,"column":31},"end":{"line":7,"column":null}},"1":{"start":{"line":16,"column":4},"end":{"line":16,"column":null}},"2":{"start":{"line":19,"column":4},"end":{"line":24,"column":null}},"3":{"start":{"line":27,"column":4},"end":{"line":55,"column":null}},"4":{"start":{"line":34,"column":22},"end":{"line":34,"column":null}},"5":{"start":{"line":35,"column":6},"end":{"line":44,"column":null}},"6":{"start":{"line":36,"column":8},"end":{"line":43,"column":null}},"7":{"start":{"line":37,"column":27},"end":{"line":37,"column":null}},"8":{"start":{"line":38,"column":10},"end":{"line":42,"column":null}},"9":{"start":{"line":39,"column":30},"end":{"line":39,"column":null}},"10":{"start":{"line":40,"column":12},"end":{"line":40,"column":null}},"11":{"start":{"line":41,"column":12},"end":{"line":41,"column":null}},"12":{"start":{"line":46,"column":19},"end":{"line":46,"column":null}},"13":{"start":{"line":47,"column":6},"end":{"line":54,"column":null}},"14":{"start":{"line":48,"column":8},"end":{"line":53,"column":null}},"15":{"start":{"line":49,"column":27},"end":{"line":49,"column":null}},"16":{"start":{"line":50,"column":25},"end":{"line":50,"column":null}},"17":{"start":{"line":51,"column":10},"end":{"line":51,"column":null}},"18":{"start":{"line":52,"column":10},"end":{"line":52,"column":null}},"19":{"start":{"line":58,"column":4},"end":{"line":74,"column":null}},"20":{"start":{"line":65,"column":26},"end":{"line":65,"column":null}},"21":{"start":{"line":66,"column":31},"end":{"line":66,"column":null}},"22":{"start":{"line":67,"column":6},"end":{"line":73,"column":null}},"23":{"start":{"line":68,"column":27},"end":{"line":71,"column":null}},"24":{"start":{"line":72,"column":8},"end":{"line":72,"column":null}},"25":{"start":{"line":77,"column":4},"end":{"line":79,"column":null}},"26":{"start":{"line":82,"column":4},"end":{"line":84,"column":null}},"27":{"start":{"line":89,"column":4},"end":{"line":89,"column":null}},"28":{"start":{"line":93,"column":18},"end":{"line":93,"column":null}},"29":{"start":{"line":96,"column":38},"end":{"line":103,"column":null}},"30":{"start":{"line":104,"column":2},"end":{"line":104,"column":null}},"31":{"start":{"line":107,"column":36},"end":{"line":114,"column":null}},"32":{"start":{"line":116,"column":43},"end":{"line":127,"column":null}},"33":{"start":{"line":129,"column":40},"end":{"line":129,"column":null}},"34":{"start":{"line":135,"column":2},"end":{"line":135,"column":null}},"35":{"start":{"line":135,"column":20},"end":{"line":135,"column":null}},"36":{"start":{"line":136,"column":2},"end":{"line":136,"column":null}},"37":{"start":{"line":140,"column":15},"end":{"line":140,"column":null}},"38":{"start":{"line":142,"column":2},"end":{"line":150,"column":null}},"39":{"start":{"line":143,"column":4},"end":{"line":148,"column":null}},"40":{"start":{"line":149,"column":4},"end":{"line":149,"column":null}},"41":{"start":{"line":152,"column":25},"end":{"line":152,"column":null}},"42":{"start":{"line":154,"column":2},"end":{"line":188,"column":null}},"43":{"start":{"line":155,"column":4},"end":{"line":187,"column":null}},"44":{"start":{"line":157,"column":6},"end":{"line":169,"column":null}},"45":{"start":{"line":158,"column":25},"end":{"line":158,"column":null}},"46":{"start":{"line":159,"column":8},"end":{"line":168,"column":null}},"47":{"start":{"line":160,"column":10},"end":{"line":160,"column":null}},"48":{"start":{"line":163,"column":10},"end":{"line":167,"column":null}},"49":{"start":{"line":171,"column":6},"end":{"line":181,"column":null}},"50":{"start":{"line":172,"column":25},"end":{"line":172,"column":null}},"51":{"start":{"line":173,"column":8},"end":{"line":180,"column":null}},"52":{"start":{"line":174,"column":10},"end":{"line":174,"column":null}},"53":{"start":{"line":176,"column":10},"end":{"line":179,"column":null}},"54":{"start":{"line":183,"column":6},"end":{"line":186,"column":null}},"55":{"start":{"line":191,"column":2},"end":{"line":194,"column":null}},"56":{"start":{"line":192,"column":24},"end":{"line":192,"column":null}},"57":{"start":{"line":193,"column":4},"end":{"line":193,"column":null}}},"fnMap":{"0":{"name":"(anonymous_0)","decl":{"start":{"line":15,"column":2},"end":{"line":15,"column":16}},"loc":{"start":{"line":15,"column":16},"end":{"line":85,"column":null}},"line":15},"1":{"name":"(anonymous_1)","decl":{"start":{"line":32,"column":15},"end":{"line":32,"column":21}},"loc":{"start":{"line":32,"column":27},"end":{"line":55,"column":5}},"line":32},"2":{"name":"(anonymous_2)","decl":{"start":{"line":64,"column":15},"end":{"line":64,"column":21}},"loc":{"start":{"line":64,"column":27},"end":{"line":74,"column":5}},"line":64},"3":{"name":"(anonymous_3)","decl":{"start":{"line":88,"column":6},"end":{"line":88,"column":22}},"loc":{"start":{"line":88,"column":22},"end":{"line":90,"column":null}},"line":88},"4":{"name":"mapLegacyPillarNameToId","decl":{"start":{"line":95,"column":9},"end":{"line":95,"column":33}},"loc":{"start":{"line":95,"column":55},"end":{"line":105,"column":null}},"line":95},"5":{"name":"initOnce","decl":{"start":{"line":134,"column":22},"end":{"line":134,"column":33}},"loc":{"start":{"line":134,"column":33},"end":{"line":137,"column":null}},"line":134},"6":{"name":"initAppData","decl":{"start":{"line":139,"column":15},"end":{"line":139,"column":29}},"loc":{"start":{"line":139,"column":29},"end":{"line":195,"column":null}},"line":139},"7":{"name":"(anonymous_7)","decl":{"start":{"line":155,"column":72},"end":{"line":155,"column":84}},"loc":{"start":{"line":155,"column":84},"end":{"line":187,"column":5}},"line":155}},"branchMap":{"0":{"loc":{"start":{"line":36,"column":8},"end":{"line":43,"column":null}},"type":"if","locations":[{"start":{"line":36,"column":8},"end":{"line":43,"column":null}},{"start":{},"end":{}}],"line":36},"1":{"loc":{"start":{"line":38,"column":10},"end":{"line":42,"column":null}},"type":"if","locations":[{"start":{"line":38,"column":10},"end":{"line":42,"column":null}},{"start":{},"end":{}}],"line":38},"2":{"loc":{"start":{"line":48,"column":8},"end":{"line":53,"column":null}},"type":"if","locations":[{"start":{"line":48,"column":8},"end":{"line":53,"column":null}},{"start":{},"end":{}}],"line":48},"3":{"loc":{"start":{"line":104,"column":9},"end":{"line":104,"column":null}},"type":"binary-expr","locations":[{"start":{"line":104,"column":9},"end":{"line":104,"column":22}},{"start":{"line":104,"column":22},"end":{"line":104,"column":null}}],"line":104},"4":{"loc":{"start":{"line":135,"column":2},"end":{"line":135,"column":null}},"type":"if","locations":[{"start":{"line":135,"column":2},"end":{"line":135,"column":null}},{"start":{},"end":{}}],"line":135},"5":{"loc":{"start":{"line":142,"column":2},"end":{"line":150,"column":null}},"type":"if","locations":[{"start":{"line":142,"column":2},"end":{"line":150,"column":null}},{"start":{},"end":{}}],"line":142},"6":{"loc":{"start":{"line":152,"column":25},"end":{"line":152,"column":null}},"type":"binary-expr","locations":[{"start":{"line":152,"column":25},"end":{"line":152,"column":50}},{"start":{"line":152,"column":50},"end":{"line":152,"column":null}}],"line":152},"7":{"loc":{"start":{"line":154,"column":2},"end":{"line":188,"column":null}},"type":"if","locations":[{"start":{"line":154,"column":2},"end":{"line":188,"column":null}},{"start":{},"end":{}}],"line":154},"8":{"loc":{"start":{"line":159,"column":8},"end":{"line":168,"column":null}},"type":"if","locations":[{"start":{"line":159,"column":8},"end":{"line":168,"column":null}},{"start":{"line":161,"column":15},"end":{"line":168,"column":null}}],"line":159},"9":{"loc":{"start":{"line":173,"column":8},"end":{"line":180,"column":null}},"type":"if","locations":[{"start":{"line":173,"column":8},"end":{"line":180,"column":null}},{"start":{"line":175,"column":15},"end":{"line":180,"column":null}}],"line":173},"10":{"loc":{"start":{"line":191,"column":2},"end":{"line":194,"column":null}},"type":"if","locations":[{"start":{"line":191,"column":2},"end":{"line":194,"column":null}},{"start":{},"end":{}}],"line":191},"11":{"loc":{"start":{"line":191,"column":6},"end":{"line":191,"column":54}},"type":"binary-expr","locations":[{"start":{"line":191,"column":6},"end":{"line":191,"column":27}},{"start":{"line":191,"column":27},"end":{"line":191,"column":54}}],"line":191}},"s":{"0":3,"1":4,"2":4,"3":4,"4":0,"5":0,"6":0,"7":0,"8":0,"9":0,"10":0,"11":0,"12":0,"13":0,"14":0,"15":0,"16":0,"17":0,"18":0,"19":4,"20":1,"21":1,"22":1,"23":1,"24":1,"25":4,"26":4,"27":0,"28":3,"29":0,"30":0,"31":3,"32":3,"33":3,"34":1,"35":1,"36":1,"37":1,"38":1,"39":0,"40":0,"41":1,"42":1,"43":0,"44":0,"45":0,"46":0,"47":0,"48":0,"49":0,"50":0,"51":0,"52":0,"53":0,"54":0,"55":1,"56":1,"57":1},"f":{"0":4,"1":0,"2":1,"3":0,"4":0,"5":1,"6":1,"7":0},"b":{"0":[0,0],"1":[0,0],"2":[0,0],"3":[0,0],"4":[1,0],"5":[0,1],"6":[1,0],"7":[0,1],"8":[0,0],"9":[0,0],"10":[1,0],"11":[1,1]},"meta":{"lastBranch":12,"lastFunction":8,"lastStatement":58,"seen":{"s:7:31:7:Infinity":0,"f:15:2:15:16":0,"s:16:4:16:Infinity":1,"s:19:4:24:Infinity":2,"s:27:4:55:Infinity":3,"f:32:15:32:21":1,"s:34:22:34:Infinity":4,"s:35:6:44:Infinity":5,"b:36:8:43:Infinity:undefined:undefined:undefined:undefined":0,"s:36:8:43:Infinity":6,"s:37:27:37:Infinity":7,"b:38:10:42:Infinity:undefined:undefined:undefined:undefined":1,"s:38:10:42:Infinity":8,"s:39:30:39:Infinity":9,"s:40:12:40:Infinity":10,"s:41:12:41:Infinity":11,"s:46:19:46:Infinity":12,"s:47:6:54:Infinity":13,"b:48:8:53:Infinity:undefined:undefined:undefined:undefined":2,"s:48:8:53:Infinity":14,"s:49:27:49:Infinity":15,"s:50:25:50:Infinity":16,"s:51:10:51:Infinity":17,"s:52:10:52:Infinity":18,"s:58:4:74:Infinity":19,"f:64:15:64:21":2,"s:65:26:65:Infinity":20,"s:66:31:66:Infinity":21,"s:67:6:73:Infinity":22,"s:68:27:71:Infinity":23,"s:72:8:72:Infinity":24,"s:77:4:79:Infinity":25,"s:82:4:84:Infinity":26,"f:88:6:88:22":3,"s:89:4:89:Infinity":27,"s:93:18:93:Infinity":28,"f:95:9:95:33":4,"s:96:38:103:Infinity":29,"s:104:2:104:Infinity":30,"b:104:9:104:22:104:22:104:Infinity":3,"s:107:36:114:Infinity":31,"s:116:43:127:Infinity":32,"s:129:40:129:Infinity":33,"f:134:22:134:33":5,"b:135:2:135:Infinity:undefined:undefined:undefined:undefined":4,"s:135:2:135:Infinity":34,"s:135:20:135:Infinity":35,"s:136:2:136:Infinity":36,"f:139:15:139:29":6,"s:140:15:140:Infinity":37,"b:142:2:150:Infinity:undefined:undefined:undefined:undefined":5,"s:142:2:150:Infinity":38,"s:143:4:148:Infinity":39,"s:149:4:149:Infinity":40,"s:152:25:152:Infinity":41,"b:152:25:152:50:152:50:152:Infinity":6,"b:154:2:188:Infinity:undefined:undefined:undefined:undefined":7,"s:154:2:188:Infinity":42,"s:155:4:187:Infinity":43,"f:155:72:155:84":7,"s:157:6:169:Infinity":44,"s:158:25:158:Infinity":45,"b:159:8:168:Infinity:161:15:168:Infinity":8,"s:159:8:168:Infinity":46,"s:160:10:160:Infinity":47,"s:163:10:167:Infinity":48,"s:171:6:181:Infinity":49,"s:172:25:172:Infinity":50,"b:173:8:180:Infinity:175:15:180:Infinity":9,"s:173:8:180:Infinity":51,"s:174:10:174:Infinity":52,"s:176:10:179:Infinity":53,"s:183:6:186:Infinity":54,"b:191:2:194:Infinity:undefined:undefined:undefined:undefined":10,"s:191:2:194:Infinity":55,"b:191:6:191:27:191:27:191:54":11,"s:192:24:192:Infinity":56,"s:193:4:193:Infinity":57}}}
,"/Users/abenezerdara/Desktop/tinkering/workout-buddy/utils.ts": {"path":"/Users/abenezerdara/Desktop/tinkering/workout-buddy/utils.ts","statementMap":{"0":{"start":{"line":8,"column":2},"end":{"line":10,"column":null}},"1":{"start":{"line":9,"column":4},"end":{"line":9,"column":null}},"2":{"start":{"line":11,"column":2},"end":{"line":15,"column":null}},"3":{"start":{"line":12,"column":14},"end":{"line":12,"column":null}},"4":{"start":{"line":13,"column":14},"end":{"line":13,"column":null}},"5":{"start":{"line":14,"column":4},"end":{"line":14,"column":null}},"6":{"start":{"line":19,"column":2},"end":{"line":19,"column":null}},"7":{"start":{"line":19,"column":18},"end":{"line":19,"column":null}},"8":{"start":{"line":20,"column":15},"end":{"line":20,"column":null}},"9":{"start":{"line":21,"column":2},"end":{"line":21,"column":null}},"10":{"start":{"line":25,"column":20},"end":{"line":25,"column":null}},"11":{"start":{"line":26,"column":2},"end":{"line":26,"column":null}},"12":{"start":{"line":32,"column":16},"end":{"line":32,"column":null}},"13":{"start":{"line":33,"column":2},"end":{"line":33,"column":null}},"14":{"start":{"line":33,"column":19},"end":{"line":33,"column":null}},"15":{"start":{"line":34,"column":2},"end":{"line":34,"column":null}},"16":{"start":{"line":34,"column":19},"end":{"line":34,"column":null}},"17":{"start":{"line":35,"column":2},"end":{"line":35,"column":null}},"18":{"start":{"line":39,"column":2},"end":{"line":43,"column":null}},"19":{"start":{"line":40,"column":18},"end":{"line":40,"column":null}},"20":{"start":{"line":41,"column":19},"end":{"line":41,"column":null}},"21":{"start":{"line":42,"column":16},"end":{"line":42,"column":null}},"22":{"start":{"line":47,"column":2},"end":{"line":51,"column":null}},"23":{"start":{"line":48,"column":18},"end":{"line":48,"column":null}},"24":{"start":{"line":49,"column":19},"end":{"line":49,"column":null}},"25":{"start":{"line":50,"column":16},"end":{"line":50,"column":null}}},"fnMap":{"0":{"name":"generateUUID","decl":{"start":{"line":7,"column":16},"end":{"line":7,"column":39}},"loc":{"start":{"line":7,"column":39},"end":{"line":16,"column":null}},"line":7},"1":{"name":"(anonymous_1)","decl":{"start":{"line":11,"column":65},"end":{"line":11,"column":74}},"loc":{"start":{"line":11,"column":77},"end":{"line":15,"column":3}},"line":11},"2":{"name":"getDaysSince","decl":{"start":{"line":18,"column":16},"end":{"line":18,"column":29}},"loc":{"start":{"line":18,"column":89},"end":{"line":22,"column":null}},"line":18},"3":{"name":"getOverdueScore","decl":{"start":{"line":24,"column":16},"end":{"line":24,"column":32}},"loc":{"start":{"line":24,"column":74},"end":{"line":27,"column":null}},"line":24},"4":{"name":"getStatusColor","decl":{"start":{"line":31,"column":16},"end":{"line":31,"column":31}},"loc":{"start":{"line":31,"column":78},"end":{"line":36,"column":null}},"line":31},"5":{"name":"getStatusHex","decl":{"start":{"line":38,"column":16},"end":{"line":38,"column":29}},"loc":{"start":{"line":38,"column":57},"end":{"line":44,"column":null}},"line":38},"6":{"name":"getStatusBg","decl":{"start":{"line":46,"column":16},"end":{"line":46,"column":28}},"loc":{"start":{"line":46,"column":56},"end":{"line":52,"column":null}},"line":46}},"branchMap":{"0":{"loc":{"start":{"line":8,"column":2},"end":{"line":10,"column":null}},"type":"if","locations":[{"start":{"line":8,"column":2},"end":{"line":10,"column":null}},{"start":{},"end":{}}],"line":8},"1":{"loc":{"start":{"line":8,"column":6},"end":{"line":8,"column":58}},"type":"binary-expr","locations":[{"start":{"line":8,"column":6},"end":{"line":8,"column":39}},{"start":{"line":8,"column":39},"end":{"line":8,"column":58}}],"line":8},"2":{"loc":{"start":{"line":13,"column":14},"end":{"line":13,"column":null}},"type":"cond-expr","locations":[{"start":{"line":13,"column":26},"end":{"line":13,"column":31}},{"start":{"line":13,"column":31},"end":{"line":13,"column":null}}],"line":13},"3":{"loc":{"start":{"line":18,"column":55},"end":{"line":18,"column":89}},"type":"default-arg","locations":[{"start":{"line":18,"column":69},"end":{"line":18,"column":89}}],"line":18},"4":{"loc":{"start":{"line":19,"column":2},"end":{"line":19,"column":null}},"type":"if","locations":[{"start":{"line":19,"column":2},"end":{"line":19,"column":null}},{"start":{},"end":{}}],"line":19},"5":{"loc":{"start":{"line":24,"column":48},"end":{"line":24,"column":74}},"type":"default-arg","locations":[{"start":{"line":24,"column":54},"end":{"line":24,"column":74}}],"line":24},"6":{"loc":{"start":{"line":31,"column":47},"end":{"line":31,"column":78}},"type":"default-arg","locations":[{"start":{"line":31,"column":53},"end":{"line":31,"column":78}}],"line":31},"7":{"loc":{"start":{"line":33,"column":2},"end":{"line":33,"column":null}},"type":"if","locations":[{"start":{"line":33,"column":2},"end":{"line":33,"column":null}},{"start":{},"end":{}}],"line":33},"8":{"loc":{"start":{"line":34,"column":2},"end":{"line":34,"column":null}},"type":"if","locations":[{"start":{"line":34,"column":2},"end":{"line":34,"column":null}},{"start":{},"end":{}}],"line":34},"9":{"loc":{"start":{"line":39,"column":2},"end":{"line":43,"column":null}},"type":"switch","locations":[{"start":{"line":40,"column":4},"end":{"line":40,"column":null}},{"start":{"line":41,"column":4},"end":{"line":41,"column":null}},{"start":{"line":42,"column":4},"end":{"line":42,"column":null}}],"line":39},"10":{"loc":{"start":{"line":47,"column":2},"end":{"line":51,"column":null}},"type":"switch","locations":[{"start":{"line":48,"column":4},"end":{"line":48,"column":null}},{"start":{"line":49,"column":4},"end":{"line":49,"column":null}},{"start":{"line":50,"column":4},"end":{"line":50,"column":null}}],"line":47}},"s":{"0":67,"1":67,"2":0,"3":0,"4":0,"5":0,"6":65,"7":7,"8":58,"9":58,"10":54,"11":54,"12":9,"13":9,"14":4,"15":5,"16":1,"17":4,"18":0,"19":0,"20":0,"21":0,"22":6,"23":3,"24":0,"25":3},"f":{"0":67,"1":0,"2":65,"3":54,"4":9,"5":0,"6":6},"b":{"0":[67,0],"1":[67,67],"2":[0,0],"3":[65],"4":[7,58],"5":[54],"6":[9],"7":[4,5],"8":[1,4],"9":[0,0,0],"10":[3,0,3]},"meta":{"lastBranch":11,"lastFunction":7,"lastStatement":26,"seen":{"f:7:16:7:39":0,"b:8:2:10:Infinity:undefined:undefined:undefined:undefined":0,"s:8:2:10:Infinity":0,"b:8:6:8:39:8:39:8:58":1,"s:9:4:9:Infinity":1,"s:11:2:15:Infinity":2,"f:11:65:11:74":1,"s:12:14:12:Infinity":3,"s:13:14:13:Infinity":4,"b:13:26:13:31:13:31:13:Infinity":2,"s:14:4:14:Infinity":5,"f:18:16:18:29":2,"b:18:69:18:89":3,"b:19:2:19:Infinity:undefined:undefined:undefined:undefined":4,"s:19:2:19:Infinity":6,"s:19:18:19:Infinity":7,"s:20:15:20:Infinity":8,"s:21:2:21:Infinity":9,"f:24:16:24:32":3,"b:24:54:24:74":5,"s:25:20:25:Infinity":10,"s:26:2:26:Infinity":11,"f:31:16:31:31":4,"b:31:53:31:78":6,"s:32:16:32:Infinity":12,"b:33:2:33:Infinity:undefined:undefined:undefined:undefined":7,"s:33:2:33:Infinity":13,"s:33:19:33:Infinity":14,"b:34:2:34:Infinity:undefined:undefined:undefined:undefined":8,"s:34:2:34:Infinity":15,"s:34:19:34:Infinity":16,"s:35:2:35:Infinity":17,"f:38:16:38:29":5,"b:40:4:40:Infinity:41:4:41:Infinity:42:4:42:Infinity":9,"s:39:2:43:Infinity":18,"s:40:18:40:Infinity":19,"s:41:19:41:Infinity":20,"s:42:16:42:Infinity":21,"f:46:16:46:28":6,"b:48:4:48:Infinity:49:4:49:Infinity:50:4:50:Infinity":10,"s:47:2:51:Infinity":22,"s:48:18:48:Infinity":23,"s:49:19:49:Infinity":24,"s:50:16:50:Infinity":25}}}
,"/Users/abenezerdara/Desktop/tinkering/workout-buddy/services/auth.ts": {"path":"/Users/abenezerdara/Desktop/tinkering/workout-buddy/services/auth.ts","statementMap":{"0":{"start":{"line":10,"column":22},"end":{"line":11,"column":null}},"1":{"start":{"line":10,"column":38},"end":{"line":11,"column":null}},"2":{"start":{"line":13,"column":22},"end":{"line":14,"column":null}},"3":{"start":{"line":13,"column":38},"end":{"line":14,"column":null}},"4":{"start":{"line":16,"column":23},"end":{"line":16,"column":null}},"5":{"start":{"line":18,"column":28},"end":{"line":19,"column":null}},"6":{"start":{"line":18,"column":29},"end":{"line":19,"column":null}},"7":{"start":{"line":21,"column":24},"end":{"line":24,"column":null}},"8":{"start":{"line":22,"column":2},"end":{"line":22,"column":null}},"9":{"start":{"line":22,"column":25},"end":{"line":22,"column":null}},"10":{"start":{"line":23,"column":2},"end":{"line":23,"column":null}}},"fnMap":{"0":{"name":"(anonymous_0)","decl":{"start":{"line":10,"column":22},"end":{"line":10,"column":23}},"loc":{"start":{"line":10,"column":38},"end":{"line":11,"column":null}},"line":10},"1":{"name":"(anonymous_1)","decl":{"start":{"line":13,"column":22},"end":{"line":13,"column":23}},"loc":{"start":{"line":13,"column":38},"end":{"line":14,"column":null}},"line":13},"2":{"name":"(anonymous_2)","decl":{"start":{"line":16,"column":23},"end":{"line":16,"column":29}},"loc":{"start":{"line":16,"column":23},"end":{"line":16,"column":null}},"line":16},"3":{"name":"(anonymous_3)","decl":{"start":{"line":18,"column":28},"end":{"line":18,"column":29}},"loc":{"start":{"line":18,"column":29},"end":{"line":19,"column":null}},"line":18},"4":{"name":"(anonymous_4)","decl":{"start":{"line":21,"column":24},"end":{"line":21,"column":60}},"loc":{"start":{"line":21,"column":60},"end":{"line":24,"column":null}},"line":21}},"branchMap":{"0":{"loc":{"start":{"line":22,"column":2},"end":{"line":22,"column":null}},"type":"if","locations":[{"start":{"line":22,"column":2},"end":{"line":22,"column":null}},{"start":{},"end":{}}],"line":22}},"s":{"0":3,"1":1,"2":3,"3":1,"4":1,"5":3,"6":0,"7":3,"8":2,"9":1,"10":1},"f":{"0":1,"1":1,"2":1,"3":0,"4":2},"b":{"0":[1,1]},"meta":{"lastBranch":1,"lastFunction":5,"lastStatement":11,"seen":{"s:10:22:11:Infinity":0,"f:10:22:10:23":0,"s:10:38:11:Infinity":1,"s:13:22:14:Infinity":2,"f:13:22:13:23":1,"s:13:38:14:Infinity":3,"s:16:23:16:Infinity":4,"f:16:23:16:29":2,"s:18:28:19:Infinity":5,"f:18:28:18:29":3,"s:18:29:19:Infinity":6,"s:21:24:24:Infinity":7,"f:21:24:21:60":4,"b:22:2:22:Infinity:undefined:undefined:undefined:undefined":0,"s:22:2:22:Infinity":8,"s:22:25:22:Infinity":9,"s:23:2:23:Infinity":10}}}
,"/Users/abenezerdara/Desktop/tinkering/workout-buddy/services/cloud-rest.ts": {"path":"/Users/abenezerdara/Desktop/tinkering/workout-buddy/services/cloud-rest.ts","statementMap":{"0":{"start":{"line":5,"column":15},"end":{"line":7,"column":null}},"1":{"start":{"line":21,"column":15},"end":{"line":21,"column":null}},"2":{"start":{"line":22,"column":2},"end":{"line":22,"column":null}},"3":{"start":{"line":22,"column":13},"end":{"line":22,"column":null}},"4":{"start":{"line":24,"column":16},"end":{"line":24,"column":null}},"5":{"start":{"line":25,"column":2},"end":{"line":25,"column":null}},"6":{"start":{"line":25,"column":14},"end":{"line":25,"column":null}},"7":{"start":{"line":27,"column":26},"end":{"line":33,"column":null}},"8":{"start":{"line":35,"column":14},"end":{"line":35,"column":null}},"9":{"start":{"line":37,"column":19},"end":{"line":43,"column":null}},"10":{"start":{"line":45,"column":2},"end":{"line":48,"column":null}},"11":{"start":{"line":46,"column":22},"end":{"line":46,"column":null}},"12":{"start":{"line":47,"column":4},"end":{"line":47,"column":null}},"13":{"start":{"line":56,"column":15},"end":{"line":56,"column":null}},"14":{"start":{"line":57,"column":2},"end":{"line":57,"column":null}},"15":{"start":{"line":57,"column":13},"end":{"line":57,"column":null}},"16":{"start":{"line":59,"column":16},"end":{"line":59,"column":null}},"17":{"start":{"line":60,"column":2},"end":{"line":60,"column":null}},"18":{"start":{"line":60,"column":14},"end":{"line":60,"column":null}},"19":{"start":{"line":62,"column":14},"end":{"line":62,"column":null}},"20":{"start":{"line":64,"column":19},"end":{"line":64,"column":null}},"21":{"start":{"line":65,"column":2},"end":{"line":67,"column":null}},"22":{"start":{"line":66,"column":4},"end":{"line":66,"column":null}},"23":{"start":{"line":69,"column":33},"end":{"line":69,"column":null}},"24":{"start":{"line":70,"column":2},"end":{"line":70,"column":null}},"25":{"start":{"line":70,"column":13},"end":{"line":70,"column":null}},"26":{"start":{"line":73,"column":2},"end":{"line":96,"column":null}},"27":{"start":{"line":74,"column":4},"end":{"line":77,"column":null}},"28":{"start":{"line":75,"column":6},"end":{"line":75,"column":null}},"29":{"start":{"line":76,"column":6},"end":{"line":76,"column":null}},"30":{"start":{"line":78,"column":4},"end":{"line":81,"column":null}},"31":{"start":{"line":79,"column":6},"end":{"line":79,"column":null}},"32":{"start":{"line":80,"column":6},"end":{"line":80,"column":null}},"33":{"start":{"line":82,"column":4},"end":{"line":91,"column":null}},"34":{"start":{"line":83,"column":6},"end":{"line":83,"column":null}},"35":{"start":{"line":85,"column":32},"end":{"line":89,"column":null}},"36":{"start":{"line":85,"column":56},"end":{"line":89,"column":8}},"37":{"start":{"line":90,"column":6},"end":{"line":90,"column":null}},"38":{"start":{"line":92,"column":4},"end":{"line":95,"column":null}},"39":{"start":{"line":94,"column":6},"end":{"line":94,"column":null}},"40":{"start":{"line":98,"column":2},"end":{"line":98,"column":null}}},"fnMap":{"0":{"name":"uploadToCloud","decl":{"start":{"line":20,"column":22},"end":{"line":20,"column":53}},"loc":{"start":{"line":20,"column":53},"end":{"line":49,"column":null}},"line":20},"1":{"name":"downloadFromCloud","decl":{"start":{"line":55,"column":22},"end":{"line":55,"column":60}},"loc":{"start":{"line":55,"column":60},"end":{"line":99,"column":null}},"line":55},"2":{"name":"(anonymous_2)","decl":{"start":{"line":73,"column":98},"end":{"line":73,"column":110}},"loc":{"start":{"line":73,"column":110},"end":{"line":96,"column":3}},"line":73},"3":{"name":"(anonymous_3)","decl":{"start":{"line":85,"column":50},"end":{"line":85,"column":56}},"loc":{"start":{"line":85,"column":56},"end":{"line":89,"column":8}},"line":85}},"branchMap":{"0":{"loc":{"start":{"line":5,"column":15},"end":{"line":7,"column":null}},"type":"cond-expr","locations":[{"start":{"line":6,"column":4},"end":{"line":6,"column":null}},{"start":{"line":7,"column":4},"end":{"line":7,"column":null}}],"line":5},"1":{"loc":{"start":{"line":22,"column":2},"end":{"line":22,"column":null}},"type":"if","locations":[{"start":{"line":22,"column":2},"end":{"line":22,"column":null}},{"start":{},"end":{}}],"line":22},"2":{"loc":{"start":{"line":25,"column":2},"end":{"line":25,"column":null}},"type":"if","locations":[{"start":{"line":25,"column":2},"end":{"line":25,"column":null}},{"start":{},"end":{}}],"line":25},"3":{"loc":{"start":{"line":31,"column":12},"end":{"line":31,"column":null}},"type":"binary-expr","locations":[{"start":{"line":31,"column":12},"end":{"line":31,"column":44}},{"start":{"line":31,"column":44},"end":{"line":31,"column":null}}],"line":31},"4":{"loc":{"start":{"line":45,"column":2},"end":{"line":48,"column":null}},"type":"if","locations":[{"start":{"line":45,"column":2},"end":{"line":48,"column":null}},{"start":{},"end":{}}],"line":45},"5":{"loc":{"start":{"line":57,"column":2},"end":{"line":57,"column":null}},"type":"if","locations":[{"start":{"line":57,"column":2},"end":{"line":57,"column":null}},{"start":{},"end":{}}],"line":57},"6":{"loc":{"start":{"line":60,"column":2},"end":{"line":60,"column":null}},"type":"if","locations":[{"start":{"line":60,"column":2},"end":{"line":60,"column":null}},{"start":{},"end":{}}],"line":60},"7":{"loc":{"start":{"line":65,"column":2},"end":{"line":67,"column":null}},"type":"if","locations":[{"start":{"line":65,"column":2},"end":{"line":67,"column":null}},{"start":{},"end":{}}],"line":65},"8":{"loc":{"start":{"line":70,"column":2},"end":{"line":70,"column":null}},"type":"if","locations":[{"start":{"line":70,"column":2},"end":{"line":70,"column":null}},{"start":{},"end":{}}],"line":70},"9":{"loc":{"start":{"line":74,"column":4},"end":{"line":77,"column":null}},"type":"if","locations":[{"start":{"line":74,"column":4},"end":{"line":77,"column":null}},{"start":{},"end":{}}],"line":74},"10":{"loc":{"start":{"line":78,"column":4},"end":{"line":81,"column":null}},"type":"if","locations":[{"start":{"line":78,"column":4},"end":{"line":81,"column":null}},{"start":{},"end":{}}],"line":78},"11":{"loc":{"start":{"line":82,"column":4},"end":{"line":91,"column":null}},"type":"if","locations":[{"start":{"line":82,"column":4},"end":{"line":91,"column":null}},{"start":{},"end":{}}],"line":82},"12":{"loc":{"start":{"line":87,"column":26},"end":{"line":87,"column":null}},"type":"binary-expr","locations":[{"start":{"line":87,"column":26},"end":{"line":87,"column":48}},{"start":{"line":87,"column":48},"end":{"line":87,"column":null}}],"line":87},"13":{"loc":{"start":{"line":88,"column":30},"end":{"line":88,"column":null}},"type":"binary-expr","locations":[{"start":{"line":88,"column":30},"end":{"line":88,"column":56}},{"start":{"line":88,"column":56},"end":{"line":88,"column":null}}],"line":88},"14":{"loc":{"start":{"line":92,"column":4},"end":{"line":95,"column":null}},"type":"if","locations":[{"start":{"line":92,"column":4},"end":{"line":95,"column":null}},{"start":{},"end":{}}],"line":92}},"s":{"0":3,"1":4,"2":4,"3":2,"4":2,"5":2,"6":0,"7":2,"8":4,"9":4,"10":2,"11":1,"12":1,"13":3,"14":3,"15":0,"16":3,"17":3,"18":0,"19":3,"20":3,"21":3,"22":0,"23":3,"24":3,"25":1,"26":2,"27":2,"28":1,"29":1,"30":2,"31":1,"32":1,"33":2,"34":2,"35":2,"36":2,"37":2,"38":2,"39":1,"40":2},"f":{"0":4,"1":3,"2":2,"3":2},"b":{"0":[0,3],"1":[2,2],"2":[0,2],"3":[2,0],"4":[1,1],"5":[0,3],"6":[0,3],"7":[0,3],"8":[1,2],"9":[1,1],"10":[1,1],"11":[2,0],"12":[2,2],"13":[2,2],"14":[1,1]},"meta":{"lastBranch":15,"lastFunction":4,"lastStatement":41,"seen":{"s:5:15:7:Infinity":0,"b:6:4:6:Infinity:7:4:7:Infinity":0,"f:20:22:20:53":0,"s:21:15:21:Infinity":1,"b:22:2:22:Infinity:undefined:undefined:undefined:undefined":1,"s:22:2:22:Infinity":2,"s:22:13:22:Infinity":3,"s:24:16:24:Infinity":4,"b:25:2:25:Infinity:undefined:undefined:undefined:undefined":2,"s:25:2:25:Infinity":5,"s:25:14:25:Infinity":6,"s:27:26:33:Infinity":7,"b:31:12:31:44:31:44:31:Infinity":3,"s:35:14:35:Infinity":8,"s:37:19:43:Infinity":9,"b:45:2:48:Infinity:undefined:undefined:undefined:undefined":4,"s:45:2:48:Infinity":10,"s:46:22:46:Infinity":11,"s:47:4:47:Infinity":12,"f:55:22:55:60":1,"s:56:15:56:Infinity":13,"b:57:2:57:Infinity:undefined:undefined:undefined:undefined":5,"s:57:2:57:Infinity":14,"s:57:13:57:Infinity":15,"s:59:16:59:Infinity":16,"b:60:2:60:Infinity:undefined:undefined:undefined:undefined":6,"s:60:2:60:Infinity":17,"s:60:14:60:Infinity":18,"s:62:14:62:Infinity":19,"s:64:19:64:Infinity":20,"b:65:2:67:Infinity:undefined:undefined:undefined:undefined":7,"s:65:2:67:Infinity":21,"s:66:4:66:Infinity":22,"s:69:33:69:Infinity":23,"b:70:2:70:Infinity:undefined:undefined:undefined:undefined":8,"s:70:2:70:Infinity":24,"s:70:13:70:Infinity":25,"s:73:2:96:Infinity":26,"f:73:98:73:110":2,"b:74:4:77:Infinity:undefined:undefined:undefined:undefined":9,"s:74:4:77:Infinity":27,"s:75:6:75:Infinity":28,"s:76:6:76:Infinity":29,"b:78:4:81:Infinity:undefined:undefined:undefined:undefined":10,"s:78:4:81:Infinity":30,"s:79:6:79:Infinity":31,"s:80:6:80:Infinity":32,"b:82:4:91:Infinity:undefined:undefined:undefined:undefined":11,"s:82:4:91:Infinity":33,"s:83:6:83:Infinity":34,"s:85:32:89:Infinity":35,"f:85:50:85:56":3,"s:85:56:89:8":36,"b:87:26:87:48:87:48:87:Infinity":12,"b:88:30:88:56:88:56:88:Infinity":13,"s:90:6:90:Infinity":37,"b:92:4:95:Infinity:undefined:undefined:undefined:undefined":14,"s:92:4:95:Infinity":38,"s:94:6:94:Infinity":39,"s:98:2:98:Infinity":40}}}
,"/Users/abenezerdara/Desktop/tinkering/workout-buddy/services/firebase-config.ts": {"path":"/Users/abenezerdara/Desktop/tinkering/workout-buddy/services/firebase-config.ts","statementMap":{"0":{"start":{"line":5,"column":23},"end":{"line":13,"column":null}},"1":{"start":{"line":15,"column":6},"end":{"line":15,"column":null}},"2":{"start":{"line":16,"column":13},"end":{"line":16,"column":null}},"3":{"start":{"line":17,"column":13},"end":{"line":17,"column":null}}},"fnMap":{},"branchMap":{},"s":{"0":2,"1":2,"2":2,"3":2},"f":{},"b":{},"meta":{"lastBranch":0,"lastFunction":0,"lastStatement":4,"seen":{"s:5:23:13:Infinity":0,"s:15:6:15:Infinity":1,"s:16:13:16:Infinity":2,"s:17:13:17:Infinity":3}}}
,"/Users/abenezerdara/Desktop/tinkering/workout-buddy/services/recommendations.ts": {"path":"/Users/abenezerdara/Desktop/tinkering/workout-buddy/services/recommendations.ts","statementMap":{"0":{"start":{"line":9,"column":17},"end":{"line":9,"column":null}},"1":{"start":{"line":11,"column":2},"end":{"line":20,"column":null}},"2":{"start":{"line":13,"column":4},"end":{"line":17,"column":null}},"3":{"start":{"line":14,"column":6},"end":{"line":14,"column":null}},"4":{"start":{"line":14,"column":78},"end":{"line":14,"column":null}},"5":{"start":{"line":15,"column":6},"end":{"line":15,"column":null}},"6":{"start":{"line":15,"column":78},"end":{"line":15,"column":null}},"7":{"start":{"line":16,"column":6},"end":{"line":16,"column":null}},"8":{"start":{"line":19,"column":4},"end":{"line":19,"column":null}},"9":{"start":{"line":19,"column":22},"end":{"line":19,"column":77}},"10":{"start":{"line":22,"column":2},"end":{"line":22,"column":null}}},"fnMap":{"0":{"name":"getRecommendedPillars","decl":{"start":{"line":4,"column":16},"end":{"line":4,"column":null}},"loc":{"start":{"line":8,"column":12},"end":{"line":23,"column":null}},"line":8},"1":{"name":"(anonymous_1)","decl":{"start":{"line":13,"column":18},"end":{"line":13,"column":19}},"loc":{"start":{"line":13,"column":28},"end":{"line":17,"column":5}},"line":13},"2":{"name":"(anonymous_2)","decl":{"start":{"line":19,"column":18},"end":{"line":19,"column":19}},"loc":{"start":{"line":19,"column":22},"end":{"line":19,"column":77}},"line":19}},"branchMap":{"0":{"loc":{"start":{"line":7,"column":2},"end":{"line":7,"column":null}},"type":"default-arg","locations":[{"start":{"line":7,"column":16},"end":{"line":7,"column":null}}],"line":7},"1":{"loc":{"start":{"line":11,"column":2},"end":{"line":20,"column":null}},"type":"if","locations":[{"start":{"line":11,"column":2},"end":{"line":20,"column":null}},{"start":{"line":18,"column":9},"end":{"line":20,"column":null}}],"line":11},"2":{"loc":{"start":{"line":14,"column":6},"end":{"line":14,"column":null}},"type":"if","locations":[{"start":{"line":14,"column":6},"end":{"line":14,"column":null}},{"start":{},"end":{}}],"line":14},"3":{"loc":{"start":{"line":14,"column":10},"end":{"line":14,"column":78}},"type":"binary-expr","locations":[{"start":{"line":14,"column":10},"end":{"line":14,"column":45}},{"start":{"line":14,"column":45},"end":{"line":14,"column":78}}],"line":14},"4":{"loc":{"start":{"line":15,"column":6},"end":{"line":15,"column":null}},"type":"if","locations":[{"start":{"line":15,"column":6},"end":{"line":15,"column":null}},{"start":{},"end":{}}],"line":15},"5":{"loc":{"start":{"line":15,"column":10},"end":{"line":15,"column":78}},"type":"binary-expr","locations":[{"start":{"line":15,"column":10},"end":{"line":15,"column":45}},{"start":{"line":15,"column":45},"end":{"line":15,"column":78}}],"line":15}},"s":{"0":10,"1":10,"2":2,"3":8,"4":2,"5":6,"6":1,"7":5,"8":8,"9":14,"10":10},"f":{"0":10,"1":8,"2":14},"b":{"0":[10],"1":[2,8],"2":[2,6],"3":[8,3],"4":[1,5],"5":[6,5]},"meta":{"lastBranch":6,"lastFunction":3,"lastStatement":11,"seen":{"f:4:16:4:Infinity":0,"b:7:16:7:Infinity":0,"s:9:17:9:Infinity":0,"b:11:2:20:Infinity:18:9:20:Infinity":1,"s:11:2:20:Infinity":1,"s:13:4:17:Infinity":2,"f:13:18:13:19":1,"b:14:6:14:Infinity:undefined:undefined:undefined:undefined":2,"s:14:6:14:Infinity":3,"b:14:10:14:45:14:45:14:78":3,"s:14:78:14:Infinity":4,"b:15:6:15:Infinity:undefined:undefined:undefined:undefined":4,"s:15:6:15:Infinity":5,"b:15:10:15:45:15:45:15:78":5,"s:15:78:15:Infinity":6,"s:16:6:16:Infinity":7,"s:19:4:19:Infinity":8,"f:19:18:19:19":2,"s:19:22:19:77":9,"s:22:2:22:Infinity":10}}}
,"/Users/abenezerdara/Desktop/tinkering/workout-buddy/services/repository.ts": {"path":"/Users/abenezerdara/Desktop/tinkering/workout-buddy/services/repository.ts","statementMap":{"0":{"start":{"line":6,"column":2},"end":{"line":6,"column":null}},"1":{"start":{"line":9,"column":4},"end":{"line":9,"column":null}},"2":{"start":{"line":13,"column":4},"end":{"line":15,"column":null}},"3":{"start":{"line":14,"column":6},"end":{"line":14,"column":null}},"4":{"start":{"line":14,"column":39},"end":{"line":14,"column":78}},"5":{"start":{"line":20,"column":4},"end":{"line":20,"column":null}},"6":{"start":{"line":24,"column":4},"end":{"line":24,"column":null}},"7":{"start":{"line":24,"column":34},"end":{"line":24,"column":54}},"8":{"start":{"line":27,"column":4},"end":{"line":27,"column":null}},"9":{"start":{"line":28,"column":4},"end":{"line":28,"column":null}},"10":{"start":{"line":32,"column":4},"end":{"line":32,"column":null}},"11":{"start":{"line":33,"column":4},"end":{"line":33,"column":null}},"12":{"start":{"line":36,"column":4},"end":{"line":36,"column":null}},"13":{"start":{"line":39,"column":20},"end":{"line":39,"column":null}},"14":{"start":{"line":40,"column":18},"end":{"line":40,"column":null}},"15":{"start":{"line":40,"column":47},"end":{"line":40,"column":86}},"16":{"start":{"line":41,"column":4},"end":{"line":41,"column":null}},"17":{"start":{"line":44,"column":30},"end":{"line":53,"column":null}},"18":{"start":{"line":54,"column":4},"end":{"line":54,"column":null}},"19":{"start":{"line":57,"column":16},"end":{"line":57,"column":null}},"20":{"start":{"line":58,"column":4},"end":{"line":58,"column":null}},"21":{"start":{"line":59,"column":4},"end":{"line":59,"column":null}},"22":{"start":{"line":62,"column":4},"end":{"line":62,"column":null}},"23":{"start":{"line":62,"column":20},"end":{"line":62,"column":null}},"24":{"start":{"line":63,"column":4},"end":{"line":63,"column":null}},"25":{"start":{"line":63,"column":39},"end":{"line":63,"column":null}},"26":{"start":{"line":64,"column":16},"end":{"line":64,"column":null}},"27":{"start":{"line":65,"column":4},"end":{"line":65,"column":null}},"28":{"start":{"line":66,"column":4},"end":{"line":66,"column":null}},"29":{"start":{"line":69,"column":4},"end":{"line":69,"column":null}},"30":{"start":{"line":70,"column":4},"end":{"line":70,"column":null}},"31":{"start":{"line":73,"column":16},"end":{"line":73,"column":null}},"32":{"start":{"line":74,"column":4},"end":{"line":74,"column":null}},"33":{"start":{"line":75,"column":4},"end":{"line":75,"column":null}},"34":{"start":{"line":80,"column":4},"end":{"line":80,"column":null}},"35":{"start":{"line":83,"column":4},"end":{"line":83,"column":null}},"36":{"start":{"line":86,"column":4},"end":{"line":86,"column":null}},"37":{"start":{"line":87,"column":4},"end":{"line":87,"column":null}},"38":{"start":{"line":90,"column":20},"end":{"line":90,"column":null}},"39":{"start":{"line":91,"column":18},"end":{"line":91,"column":null}},"40":{"start":{"line":91,"column":51},"end":{"line":91,"column":90}},"41":{"start":{"line":92,"column":4},"end":{"line":92,"column":null}},"42":{"start":{"line":95,"column":30},"end":{"line":99,"column":null}},"43":{"start":{"line":100,"column":4},"end":{"line":100,"column":null}},"44":{"start":{"line":103,"column":16},"end":{"line":103,"column":null}},"45":{"start":{"line":104,"column":4},"end":{"line":104,"column":null}},"46":{"start":{"line":105,"column":4},"end":{"line":105,"column":null}},"47":{"start":{"line":108,"column":16},"end":{"line":108,"column":null}},"48":{"start":{"line":109,"column":4},"end":{"line":109,"column":null}},"49":{"start":{"line":110,"column":4},"end":{"line":110,"column":null}},"50":{"start":{"line":115,"column":4},"end":{"line":115,"column":null}},"51":{"start":{"line":118,"column":4},"end":{"line":118,"column":null}},"52":{"start":{"line":118,"column":21},"end":{"line":118,"column":null}},"53":{"start":{"line":119,"column":4},"end":{"line":119,"column":null}},"54":{"start":{"line":122,"column":22},"end":{"line":122,"column":null}},"55":{"start":{"line":122,"column":56},"end":{"line":122,"column":66}},"56":{"start":{"line":123,"column":4},"end":{"line":125,"column":null}},"57":{"start":{"line":124,"column":6},"end":{"line":124,"column":null}},"58":{"start":{"line":127,"column":4},"end":{"line":127,"column":null}},"59":{"start":{"line":128,"column":4},"end":{"line":128,"column":null}},"60":{"start":{"line":131,"column":23},"end":{"line":131,"column":null}},"61":{"start":{"line":132,"column":16},"end":{"line":132,"column":null}},"62":{"start":{"line":135,"column":28},"end":{"line":135,"column":null}},"63":{"start":{"line":136,"column":4},"end":{"line":138,"column":null}},"64":{"start":{"line":137,"column":6},"end":{"line":137,"column":null}},"65":{"start":{"line":137,"column":54},"end":{"line":137,"column":85}},"66":{"start":{"line":139,"column":4},"end":{"line":141,"column":null}},"67":{"start":{"line":140,"column":6},"end":{"line":140,"column":null}},"68":{"start":{"line":140,"column":51},"end":{"line":140,"column":82}},"69":{"start":{"line":143,"column":4},"end":{"line":145,"column":null}},"70":{"start":{"line":144,"column":6},"end":{"line":144,"column":null}},"71":{"start":{"line":147,"column":4},"end":{"line":147,"column":null}},"72":{"start":{"line":148,"column":4},"end":{"line":148,"column":null}},"73":{"start":{"line":151,"column":20},"end":{"line":151,"column":null}},"74":{"start":{"line":152,"column":4},"end":{"line":152,"column":null}},"75":{"start":{"line":152,"column":18},"end":{"line":152,"column":null}},"76":{"start":{"line":154,"column":4},"end":{"line":154,"column":null}},"77":{"start":{"line":157,"column":22},"end":{"line":157,"column":null}},"78":{"start":{"line":157,"column":63},"end":{"line":157,"column":73}},"79":{"start":{"line":158,"column":4},"end":{"line":160,"column":null}},"80":{"start":{"line":159,"column":6},"end":{"line":159,"column":null}},"81":{"start":{"line":162,"column":4},"end":{"line":162,"column":null}},"82":{"start":{"line":169,"column":4},"end":{"line":202,"column":null}},"83":{"start":{"line":171,"column":23},"end":{"line":173,"column":null}},"84":{"start":{"line":172,"column":39},"end":{"line":172,"column":92}},"85":{"start":{"line":172,"column":68},"end":{"line":172,"column":91}},"86":{"start":{"line":175,"column":22},"end":{"line":175,"column":null}},"87":{"start":{"line":176,"column":40},"end":{"line":176,"column":null}},"88":{"start":{"line":177,"column":41},"end":{"line":177,"column":null}},"89":{"start":{"line":179,"column":6},"end":{"line":194,"column":null}},"90":{"start":{"line":180,"column":22},"end":{"line":180,"column":null}},"91":{"start":{"line":180,"column":51},"end":{"line":180,"column":74}},"92":{"start":{"line":181,"column":8},"end":{"line":181,"column":null}},"93":{"start":{"line":181,"column":20},"end":{"line":181,"column":null}},"94":{"start":{"line":183,"column":8},"end":{"line":185,"column":null}},"95":{"start":{"line":184,"column":10},"end":{"line":184,"column":null}},"96":{"start":{"line":187,"column":8},"end":{"line":189,"column":null}},"97":{"start":{"line":188,"column":10},"end":{"line":188,"column":null}},"98":{"start":{"line":191,"column":8},"end":{"line":193,"column":null}},"99":{"start":{"line":192,"column":10},"end":{"line":192,"column":null}},"100":{"start":{"line":197,"column":6},"end":{"line":201,"column":null}},"101":{"start":{"line":205,"column":4},"end":{"line":207,"column":null}},"102":{"start":{"line":206,"column":6},"end":{"line":206,"column":null}},"103":{"start":{"line":206,"column":35},"end":{"line":206,"column":58}},"104":{"start":{"line":210,"column":4},"end":{"line":210,"column":null}},"105":{"start":{"line":213,"column":4},"end":{"line":213,"column":null}},"106":{"start":{"line":214,"column":4},"end":{"line":214,"column":null}},"107":{"start":{"line":217,"column":16},"end":{"line":217,"column":null}},"108":{"start":{"line":218,"column":4},"end":{"line":218,"column":null}},"109":{"start":{"line":219,"column":4},"end":{"line":219,"column":null}},"110":{"start":{"line":224,"column":4},"end":{"line":224,"column":null}},"111":{"start":{"line":227,"column":16},"end":{"line":227,"column":null}},"112":{"start":{"line":228,"column":4},"end":{"line":228,"column":null}},"113":{"start":{"line":229,"column":4},"end":{"line":229,"column":null}},"114":{"start":{"line":232,"column":16},"end":{"line":232,"column":null}},"115":{"start":{"line":233,"column":4},"end":{"line":233,"column":null}},"116":{"start":{"line":234,"column":4},"end":{"line":234,"column":null}},"117":{"start":{"line":239,"column":4},"end":{"line":239,"column":null}},"118":{"start":{"line":247,"column":4},"end":{"line":247,"column":null}},"119":{"start":{"line":247,"column":48},"end":{"line":247,"column":59}},"120":{"start":{"line":251,"column":26},"end":{"line":251,"column":null}}},"fnMap":{"0":{"name":"(anonymous_0)","decl":{"start":{"line":5,"column":7},"end":{"line":5,"column":13}},"loc":{"start":{"line":5,"column":7},"end":{"line":6,"column":null}},"line":5},"1":{"name":"(anonymous_1)","decl":{"start":{"line":8,"column":2},"end":{"line":8,"column":18}},"loc":{"start":{"line":8,"column":49},"end":{"line":10,"column":null}},"line":8},"2":{"name":"(anonymous_2)","decl":{"start":{"line":12,"column":16},"end":{"line":12,"column":31}},"loc":{"start":{"line":12,"column":31},"end":{"line":16,"column":null}},"line":12},"3":{"name":"(anonymous_3)","decl":{"start":{"line":14,"column":32},"end":{"line":14,"column":39}},"loc":{"start":{"line":14,"column":39},"end":{"line":14,"column":78}},"line":14},"4":{"name":"(anonymous_4)","decl":{"start":{"line":19,"column":8},"end":{"line":19,"column":43}},"loc":{"start":{"line":19,"column":43},"end":{"line":21,"column":null}},"line":19},"5":{"name":"(anonymous_5)","decl":{"start":{"line":22,"column":8},"end":{"line":22,"column":46}},"loc":{"start":{"line":22,"column":46},"end":{"line":25,"column":null}},"line":22},"6":{"name":"(anonymous_6)","decl":{"start":{"line":24,"column":29},"end":{"line":24,"column":34}},"loc":{"start":{"line":24,"column":34},"end":{"line":24,"column":54}},"line":24},"7":{"name":"(anonymous_7)","decl":{"start":{"line":26,"column":8},"end":{"line":26,"column":22}},"loc":{"start":{"line":26,"column":49},"end":{"line":29,"column":null}},"line":26},"8":{"name":"(anonymous_8)","decl":{"start":{"line":30,"column":8},"end":{"line":30,"column":22}},"loc":{"start":{"line":30,"column":49},"end":{"line":34,"column":null}},"line":30},"9":{"name":"(anonymous_9)","decl":{"start":{"line":35,"column":8},"end":{"line":35,"column":22}},"loc":{"start":{"line":35,"column":63},"end":{"line":37,"column":null}},"line":35},"10":{"name":"(anonymous_10)","decl":{"start":{"line":38,"column":8},"end":{"line":38,"column":27}},"loc":{"start":{"line":38,"column":59},"end":{"line":42,"column":null}},"line":38},"11":{"name":"(anonymous_11)","decl":{"start":{"line":40,"column":42},"end":{"line":40,"column":47}},"loc":{"start":{"line":40,"column":47},"end":{"line":40,"column":86}},"line":40},"12":{"name":"(anonymous_12)","decl":{"start":{"line":43,"column":8},"end":{"line":43,"column":21}},"loc":{"start":{"line":43,"column":98},"end":{"line":55,"column":null}},"line":43},"13":{"name":"(anonymous_13)","decl":{"start":{"line":56,"column":8},"end":{"line":56,"column":21}},"loc":{"start":{"line":56,"column":76},"end":{"line":60,"column":null}},"line":56},"14":{"name":"(anonymous_14)","decl":{"start":{"line":61,"column":8},"end":{"line":61,"column":18}},"loc":{"start":{"line":61,"column":51},"end":{"line":67,"column":null}},"line":61},"15":{"name":"(anonymous_15)","decl":{"start":{"line":68,"column":8},"end":{"line":68,"column":38}},"loc":{"start":{"line":68,"column":38},"end":{"line":71,"column":null}},"line":68},"16":{"name":"(anonymous_16)","decl":{"start":{"line":72,"column":8},"end":{"line":72,"column":23}},"loc":{"start":{"line":72,"column":59},"end":{"line":76,"column":null}},"line":72},"17":{"name":"(anonymous_17)","decl":{"start":{"line":79,"column":8},"end":{"line":79,"column":50}},"loc":{"start":{"line":79,"column":50},"end":{"line":81,"column":null}},"line":79},"18":{"name":"(anonymous_18)","decl":{"start":{"line":82,"column":8},"end":{"line":82,"column":45}},"loc":{"start":{"line":82,"column":45},"end":{"line":84,"column":null}},"line":82},"19":{"name":"(anonymous_19)","decl":{"start":{"line":85,"column":8},"end":{"line":85,"column":42}},"loc":{"start":{"line":85,"column":42},"end":{"line":88,"column":null}},"line":85},"20":{"name":"(anonymous_20)","decl":{"start":{"line":89,"column":8},"end":{"line":89,"column":30}},"loc":{"start":{"line":89,"column":62},"end":{"line":93,"column":null}},"line":89},"21":{"name":"(anonymous_21)","decl":{"start":{"line":91,"column":46},"end":{"line":91,"column":51}},"loc":{"start":{"line":91,"column":51},"end":{"line":91,"column":90}},"line":91},"22":{"name":"(anonymous_22)","decl":{"start":{"line":94,"column":8},"end":{"line":94,"column":24}},"loc":{"start":{"line":94,"column":55},"end":{"line":101,"column":null}},"line":94},"23":{"name":"(anonymous_23)","decl":{"start":{"line":102,"column":8},"end":{"line":102,"column":21}},"loc":{"start":{"line":102,"column":60},"end":{"line":106,"column":null}},"line":102},"24":{"name":"(anonymous_24)","decl":{"start":{"line":107,"column":8},"end":{"line":107,"column":27}},"loc":{"start":{"line":107,"column":70},"end":{"line":111,"column":null}},"line":107},"25":{"name":"(anonymous_25)","decl":{"start":{"line":114,"column":8},"end":{"line":114,"column":52}},"loc":{"start":{"line":114,"column":52},"end":{"line":116,"column":null}},"line":114},"26":{"name":"(anonymous_26)","decl":{"start":{"line":117,"column":8},"end":{"line":117,"column":19}},"loc":{"start":{"line":117,"column":61},"end":{"line":129,"column":null}},"line":117},"27":{"name":"(anonymous_27)","decl":{"start":{"line":122,"column":51},"end":{"line":122,"column":56}},"loc":{"start":{"line":122,"column":56},"end":{"line":122,"column":66}},"line":122},"28":{"name":"(anonymous_28)","decl":{"start":{"line":130,"column":8},"end":{"line":130,"column":22}},"loc":{"start":{"line":130,"column":85},"end":{"line":149,"column":null}},"line":130},"29":{"name":"(anonymous_29)","decl":{"start":{"line":137,"column":42},"end":{"line":137,"column":43}},"loc":{"start":{"line":137,"column":54},"end":{"line":137,"column":85}},"line":137},"30":{"name":"(anonymous_30)","decl":{"start":{"line":140,"column":39},"end":{"line":140,"column":40}},"loc":{"start":{"line":140,"column":51},"end":{"line":140,"column":82}},"line":140},"31":{"name":"(anonymous_31)","decl":{"start":{"line":150,"column":8},"end":{"line":150,"column":22}},"loc":{"start":{"line":150,"column":49},"end":{"line":163,"column":null}},"line":150},"32":{"name":"(anonymous_32)","decl":{"start":{"line":157,"column":51},"end":{"line":157,"column":52}},"loc":{"start":{"line":157,"column":63},"end":{"line":157,"column":73}},"line":157},"33":{"name":"(anonymous_33)","decl":{"start":{"line":168,"column":16},"end":{"line":168,"column":39}},"loc":{"start":{"line":168,"column":75},"end":{"line":203,"column":null}},"line":168},"34":{"name":"(anonymous_34)","decl":{"start":{"line":172,"column":16},"end":{"line":172,"column":17}},"loc":{"start":{"line":172,"column":39},"end":{"line":172,"column":92}},"line":172},"35":{"name":"(anonymous_35)","decl":{"start":{"line":172,"column":63},"end":{"line":172,"column":68}},"loc":{"start":{"line":172,"column":68},"end":{"line":172,"column":91}},"line":172},"36":{"name":"(anonymous_36)","decl":{"start":{"line":180,"column":46},"end":{"line":180,"column":51}},"loc":{"start":{"line":180,"column":51},"end":{"line":180,"column":74}},"line":180},"37":{"name":"(anonymous_37)","decl":{"start":{"line":204,"column":8},"end":{"line":204,"column":28}},"loc":{"start":{"line":204,"column":73},"end":{"line":208,"column":null}},"line":204},"38":{"name":"(anonymous_38)","decl":{"start":{"line":205,"column":47},"end":{"line":205,"column":null}},"loc":{"start":{"line":206,"column":6},"end":{"line":206,"column":null}},"line":206},"39":{"name":"(anonymous_39)","decl":{"start":{"line":206,"column":30},"end":{"line":206,"column":35}},"loc":{"start":{"line":206,"column":35},"end":{"line":206,"column":58}},"line":206},"40":{"name":"(anonymous_40)","decl":{"start":{"line":209,"column":8},"end":{"line":209,"column":43}},"loc":{"start":{"line":209,"column":43},"end":{"line":211,"column":null}},"line":209},"41":{"name":"(anonymous_41)","decl":{"start":{"line":212,"column":8},"end":{"line":212,"column":39}},"loc":{"start":{"line":212,"column":39},"end":{"line":215,"column":null}},"line":212},"42":{"name":"(anonymous_42)","decl":{"start":{"line":216,"column":8},"end":{"line":216,"column":24}},"loc":{"start":{"line":216,"column":69},"end":{"line":220,"column":null}},"line":216},"43":{"name":"(anonymous_43)","decl":{"start":{"line":223,"column":8},"end":{"line":223,"column":52}},"loc":{"start":{"line":223,"column":52},"end":{"line":225,"column":null}},"line":223},"44":{"name":"(anonymous_44)","decl":{"start":{"line":226,"column":8},"end":{"line":226,"column":18}},"loc":{"start":{"line":226,"column":54},"end":{"line":230,"column":null}},"line":226},"45":{"name":"(anonymous_45)","decl":{"start":{"line":231,"column":8},"end":{"line":231,"column":21}},"loc":{"start":{"line":231,"column":67},"end":{"line":235,"column":null}},"line":231},"46":{"name":"(anonymous_46)","decl":{"start":{"line":238,"column":8},"end":{"line":238,"column":40}},"loc":{"start":{"line":238,"column":40},"end":{"line":240,"column":null}},"line":238},"47":{"name":"(anonymous_47)","decl":{"start":{"line":242,"column":8},"end":{"line":242,"column":null}},"loc":{"start":{"line":246,"column":16},"end":{"line":248,"column":null}},"line":246},"48":{"name":"(anonymous_48)","decl":{"start":{"line":247,"column":43},"end":{"line":247,"column":48}},"loc":{"start":{"line":247,"column":48},"end":{"line":247,"column":59}},"line":247}},"branchMap":{"0":{"loc":{"start":{"line":13,"column":4},"end":{"line":15,"column":null}},"type":"if","locations":[{"start":{"line":13,"column":4},"end":{"line":15,"column":null}},{"start":{},"end":{}}],"line":13},"1":{"loc":{"start":{"line":62,"column":4},"end":{"line":62,"column":null}},"type":"if","locations":[{"start":{"line":62,"column":4},"end":{"line":62,"column":null}},{"start":{},"end":{}}],"line":62},"2":{"loc":{"start":{"line":63,"column":4},"end":{"line":63,"column":null}},"type":"if","locations":[{"start":{"line":63,"column":4},"end":{"line":63,"column":null}},{"start":{},"end":{}}],"line":63},"3":{"loc":{"start":{"line":118,"column":4},"end":{"line":118,"column":null}},"type":"if","locations":[{"start":{"line":118,"column":4},"end":{"line":118,"column":null}},{"start":{},"end":{}}],"line":118},"4":{"loc":{"start":{"line":123,"column":4},"end":{"line":125,"column":null}},"type":"if","locations":[{"start":{"line":123,"column":4},"end":{"line":125,"column":null}},{"start":{},"end":{}}],"line":123},"5":{"loc":{"start":{"line":136,"column":4},"end":{"line":138,"column":null}},"type":"if","locations":[{"start":{"line":136,"column":4},"end":{"line":138,"column":null}},{"start":{},"end":{}}],"line":136},"6":{"loc":{"start":{"line":139,"column":4},"end":{"line":141,"column":null}},"type":"if","locations":[{"start":{"line":139,"column":4},"end":{"line":141,"column":null}},{"start":{},"end":{}}],"line":139},"7":{"loc":{"start":{"line":143,"column":4},"end":{"line":145,"column":null}},"type":"if","locations":[{"start":{"line":143,"column":4},"end":{"line":145,"column":null}},{"start":{},"end":{}}],"line":143},"8":{"loc":{"start":{"line":152,"column":4},"end":{"line":152,"column":null}},"type":"if","locations":[{"start":{"line":152,"column":4},"end":{"line":152,"column":null}},{"start":{},"end":{}}],"line":152},"9":{"loc":{"start":{"line":158,"column":4},"end":{"line":160,"column":null}},"type":"if","locations":[{"start":{"line":158,"column":4},"end":{"line":160,"column":null}},{"start":{},"end":{}}],"line":158},"10":{"loc":{"start":{"line":181,"column":8},"end":{"line":181,"column":null}},"type":"if","locations":[{"start":{"line":181,"column":8},"end":{"line":181,"column":null}},{"start":{},"end":{}}],"line":181},"11":{"loc":{"start":{"line":183,"column":8},"end":{"line":185,"column":null}},"type":"if","locations":[{"start":{"line":183,"column":8},"end":{"line":185,"column":null}},{"start":{},"end":{}}],"line":183},"12":{"loc":{"start":{"line":187,"column":8},"end":{"line":189,"column":null}},"type":"if","locations":[{"start":{"line":187,"column":8},"end":{"line":189,"column":null}},{"start":{},"end":{}}],"line":187},"13":{"loc":{"start":{"line":187,"column":12},"end":{"line":187,"column":52}},"type":"binary-expr","locations":[{"start":{"line":187,"column":12},"end":{"line":187,"column":29}},{"start":{"line":187,"column":29},"end":{"line":187,"column":52}}],"line":187},"14":{"loc":{"start":{"line":191,"column":8},"end":{"line":193,"column":null}},"type":"if","locations":[{"start":{"line":191,"column":8},"end":{"line":193,"column":null}},{"start":{},"end":{}}],"line":191},"15":{"loc":{"start":{"line":191,"column":12},"end":{"line":191,"column":73}},"type":"binary-expr","locations":[{"start":{"line":191,"column":12},"end":{"line":191,"column":30}},{"start":{"line":191,"column":30},"end":{"line":191,"column":48}},{"start":{"line":191,"column":48},"end":{"line":191,"column":73}}],"line":191}},"s":{"0":3,"1":1,"2":49,"3":2,"4":0,"5":1,"6":4,"7":4,"8":1,"9":1,"10":1,"11":1,"12":13,"13":5,"14":5,"15":5,"16":5,"17":3,"18":3,"19":1,"20":1,"21":1,"22":9,"23":0,"24":9,"25":5,"26":9,"27":9,"28":9,"29":8,"30":8,"31":0,"32":0,"33":0,"34":2,"35":0,"36":3,"37":3,"38":3,"39":3,"40":3,"41":3,"42":3,"43":3,"44":4,"45":4,"46":4,"47":0,"48":0,"49":0,"50":2,"51":10,"52":10,"53":10,"54":10,"55":8,"56":10,"57":8,"58":10,"59":10,"60":4,"61":4,"62":4,"63":4,"64":4,"65":3,"66":4,"67":2,"68":2,"69":4,"70":3,"71":4,"72":4,"73":4,"74":4,"75":0,"76":4,"77":4,"78":2,"79":4,"80":2,"81":4,"82":13,"83":13,"84":15,"85":15,"86":13,"87":13,"88":13,"89":13,"90":14,"91":14,"92":14,"93":0,"94":14,"95":12,"96":14,"97":12,"98":14,"99":12,"100":13,"101":1,"102":2,"103":2,"104":2,"105":3,"106":3,"107":0,"108":0,"109":0,"110":2,"111":1,"112":1,"113":1,"114":0,"115":0,"116":0,"117":0,"118":1,"119":2,"120":3},"f":{"0":3,"1":1,"2":49,"3":0,"4":1,"5":4,"6":4,"7":1,"8":1,"9":13,"10":5,"11":5,"12":3,"13":1,"14":9,"15":8,"16":0,"17":2,"18":0,"19":3,"20":3,"21":3,"22":3,"23":4,"24":0,"25":2,"26":10,"27":8,"28":4,"29":3,"30":2,"31":4,"32":2,"33":13,"34":15,"35":15,"36":14,"37":1,"38":2,"39":2,"40":2,"41":3,"42":0,"43":2,"44":1,"45":0,"46":0,"47":1,"48":2},"b":{"0":[2,47],"1":[0,9],"2":[5,4],"3":[10,0],"4":[8,2],"5":[4,0],"6":[2,2],"7":[3,1],"8":[0,4],"9":[2,2],"10":[0,14],"11":[12,2],"12":[12,2],"13":[14,2],"14":[12,2],"15":[14,14,2]},"meta":{"lastBranch":16,"lastFunction":49,"lastStatement":121,"seen":{"f:5:7:5:13":0,"s:6:2:6:Infinity":0,"f:8:2:8:18":1,"s:9:4:9:Infinity":1,"f:12:16:12:31":2,"b:13:4:15:Infinity:undefined:undefined:undefined:undefined":0,"s:13:4:15:Infinity":2,"s:14:6:14:Infinity":3,"f:14:32:14:39":3,"s:14:39:14:78":4,"f:19:8:19:43":4,"s:20:4:20:Infinity":5,"f:22:8:22:46":5,"s:24:4:24:Infinity":6,"f:24:29:24:34":6,"s:24:34:24:54":7,"f:26:8:26:22":7,"s:27:4:27:Infinity":8,"s:28:4:28:Infinity":9,"f:30:8:30:22":8,"s:32:4:32:Infinity":10,"s:33:4:33:Infinity":11,"f:35:8:35:22":9,"s:36:4:36:Infinity":12,"f:38:8:38:27":10,"s:39:20:39:Infinity":13,"s:40:18:40:Infinity":14,"f:40:42:40:47":11,"s:40:47:40:86":15,"s:41:4:41:Infinity":16,"f:43:8:43:21":12,"s:44:30:53:Infinity":17,"s:54:4:54:Infinity":18,"f:56:8:56:21":13,"s:57:16:57:Infinity":19,"s:58:4:58:Infinity":20,"s:59:4:59:Infinity":21,"f:61:8:61:18":14,"b:62:4:62:Infinity:undefined:undefined:undefined:undefined":1,"s:62:4:62:Infinity":22,"s:62:20:62:Infinity":23,"b:63:4:63:Infinity:undefined:undefined:undefined:undefined":2,"s:63:4:63:Infinity":24,"s:63:39:63:Infinity":25,"s:64:16:64:Infinity":26,"s:65:4:65:Infinity":27,"s:66:4:66:Infinity":28,"f:68:8:68:38":15,"s:69:4:69:Infinity":29,"s:70:4:70:Infinity":30,"f:72:8:72:23":16,"s:73:16:73:Infinity":31,"s:74:4:74:Infinity":32,"s:75:4:75:Infinity":33,"f:79:8:79:50":17,"s:80:4:80:Infinity":34,"f:82:8:82:45":18,"s:83:4:83:Infinity":35,"f:85:8:85:42":19,"s:86:4:86:Infinity":36,"s:87:4:87:Infinity":37,"f:89:8:89:30":20,"s:90:20:90:Infinity":38,"s:91:18:91:Infinity":39,"f:91:46:91:51":21,"s:91:51:91:90":40,"s:92:4:92:Infinity":41,"f:94:8:94:24":22,"s:95:30:99:Infinity":42,"s:100:4:100:Infinity":43,"f:102:8:102:21":23,"s:103:16:103:Infinity":44,"s:104:4:104:Infinity":45,"s:105:4:105:Infinity":46,"f:107:8:107:27":24,"s:108:16:108:Infinity":47,"s:109:4:109:Infinity":48,"s:110:4:110:Infinity":49,"f:114:8:114:52":25,"s:115:4:115:Infinity":50,"f:117:8:117:19":26,"b:118:4:118:Infinity:undefined:undefined:undefined:undefined":3,"s:118:4:118:Infinity":51,"s:118:21:118:Infinity":52,"s:119:4:119:Infinity":53,"s:122:22:122:Infinity":54,"f:122:51:122:56":27,"s:122:56:122:66":55,"b:123:4:125:Infinity:undefined:undefined:undefined:undefined":4,"s:123:4:125:Infinity":56,"s:124:6:124:Infinity":57,"s:127:4:127:Infinity":58,"s:128:4:128:Infinity":59,"f:130:8:130:22":28,"s:131:23:131:Infinity":60,"s:132:16:132:Infinity":61,"s:135:28:135:Infinity":62,"b:136:4:138:Infinity:undefined:undefined:undefined:undefined":5,"s:136:4:138:Infinity":63,"s:137:6:137:Infinity":64,"f:137:42:137:43":29,"s:137:54:137:85":65,"b:139:4:141:Infinity:undefined:undefined:undefined:undefined":6,"s:139:4:141:Infinity":66,"s:140:6:140:Infinity":67,"f:140:39:140:40":30,"s:140:51:140:82":68,"b:143:4:145:Infinity:undefined:undefined:undefined:undefined":7,"s:143:4:145:Infinity":69,"s:144:6:144:Infinity":70,"s:147:4:147:Infinity":71,"s:148:4:148:Infinity":72,"f:150:8:150:22":31,"s:151:20:151:Infinity":73,"b:152:4:152:Infinity:undefined:undefined:undefined:undefined":8,"s:152:4:152:Infinity":74,"s:152:18:152:Infinity":75,"s:154:4:154:Infinity":76,"s:157:22:157:Infinity":77,"f:157:51:157:52":32,"s:157:63:157:73":78,"b:158:4:160:Infinity:undefined:undefined:undefined:undefined":9,"s:158:4:160:Infinity":79,"s:159:6:159:Infinity":80,"s:162:4:162:Infinity":81,"f:168:16:168:39":33,"s:169:4:202:Infinity":82,"s:171:23:173:Infinity":83,"f:172:16:172:17":34,"s:172:39:172:92":84,"f:172:63:172:68":35,"s:172:68:172:91":85,"s:175:22:175:Infinity":86,"s:176:40:176:Infinity":87,"s:177:41:177:Infinity":88,"s:179:6:194:Infinity":89,"s:180:22:180:Infinity":90,"f:180:46:180:51":36,"s:180:51:180:74":91,"b:181:8:181:Infinity:undefined:undefined:undefined:undefined":10,"s:181:8:181:Infinity":92,"s:181:20:181:Infinity":93,"b:183:8:185:Infinity:undefined:undefined:undefined:undefined":11,"s:183:8:185:Infinity":94,"s:184:10:184:Infinity":95,"b:187:8:189:Infinity:undefined:undefined:undefined:undefined":12,"s:187:8:189:Infinity":96,"b:187:12:187:29:187:29:187:52":13,"s:188:10:188:Infinity":97,"b:191:8:193:Infinity:undefined:undefined:undefined:undefined":14,"s:191:8:193:Infinity":98,"b:191:12:191:30:191:30:191:48:191:48:191:73":15,"s:192:10:192:Infinity":99,"s:197:6:201:Infinity":100,"f:204:8:204:28":37,"s:205:4:207:Infinity":101,"f:205:47:205:Infinity":38,"s:206:6:206:Infinity":102,"f:206:30:206:35":39,"s:206:35:206:58":103,"f:209:8:209:43":40,"s:210:4:210:Infinity":104,"f:212:8:212:39":41,"s:213:4:213:Infinity":105,"s:214:4:214:Infinity":106,"f:216:8:216:24":42,"s:217:16:217:Infinity":107,"s:218:4:218:Infinity":108,"s:219:4:219:Infinity":109,"f:223:8:223:52":43,"s:224:4:224:Infinity":110,"f:226:8:226:18":44,"s:227:16:227:Infinity":111,"s:228:4:228:Infinity":112,"s:229:4:229:Infinity":113,"f:231:8:231:21":45,"s:232:16:232:Infinity":114,"s:233:4:233:Infinity":115,"s:234:4:234:Infinity":116,"f:238:8:238:40":46,"s:239:4:239:Infinity":117,"f:242:8:242:Infinity":47,"s:247:4:247:Infinity":118,"
[...]
locations":[{"start":{"line":87,"column":95},"end":{"line":87,"column":176}},{"start":{"line":87,"column":176},"end":{"line":87,"column":248}}],"line":87},"5":{"loc":{"start":{"line":104,"column":102},"end":{"line":104,"column":204}},"type":"cond-expr","locations":[{"start":{"line":104,"column":115},"end":{"line":104,"column":153}},{"start":{"line":104,"column":153},"end":{"line":104,"column":204}}],"line":104},"6":{"loc":{"start":{"line":107,"column":114},"end":{"line":107,"column":176}},"type":"cond-expr","locations":[{"start":{"line":107,"column":127},"end":{"line":107,"column":159}},{"start":{"line":107,"column":159},"end":{"line":107,"column":176}}],"line":107},"7":{"loc":{"start":{"line":108,"column":21},"end":{"line":108,"column":null}},"type":"binary-expr","locations":[{"start":{"line":108,"column":21},"end":{"line":108,"column":35}},{"start":{"line":108,"column":35},"end":{"line":108,"column":null}}],"line":108},"8":{"loc":{"start":{"line":111,"column":47},"end":{"line":111,"column":93}},"type":"cond-expr","locations":[{"start":{"line":111,"column":60},"end":{"line":111,"column":78}},{"start":{"line":111,"column":78},"end":{"line":111,"column":93}}],"line":111},"9":{"loc":{"start":{"line":115,"column":17},"end":{"line":115,"column":null}},"type":"binary-expr","locations":[{"start":{"line":115,"column":17},"end":{"line":115,"column":31}},{"start":{"line":115,"column":31},"end":{"line":115,"column":null}}],"line":115},"10":{"loc":{"start":{"line":129,"column":13},"end":{"line":129,"column":79}},"type":"cond-expr","locations":[{"start":{"line":129,"column":42},"end":{"line":129,"column":60}},{"start":{"line":129,"column":60},"end":{"line":129,"column":79}}],"line":129}},"s":{"0":3,"1":16,"2":16,"3":16,"4":16,"5":16,"6":6,"7":16,"8":12,"9":6,"10":6,"11":6,"12":6,"13":16,"14":2,"15":0,"16":0,"17":0,"18":2,"19":16,"20":0,"21":96,"22":1,"23":48,"24":1,"25":26,"26":12,"27":26,"28":2,"29":2},"f":{"0":16,"1":6,"2":12,"3":2,"4":0,"5":0,"6":0,"7":96,"8":1,"9":48,"10":1,"11":26,"12":12,"13":2,"14":2},"b":{"0":[6,6],"1":[0,2],"2":[0,1],"3":[0,96],"4":[16,32],"5":[5,21],"6":[5,21],"7":[26,5],"8":[5,21],"9":[26,5],"10":[4,12]},"meta":{"lastBranch":11,"lastFunction":15,"lastStatement":30,"seen":{"s:16:50:135:Infinity":0,"f:16:50:16:51":0,"s:19:34:19:Infinity":1,"s:20:44:20:Infinity":2,"s:21:34:21:Infinity":3,"s:23:38:23:Infinity":4,"s:25:2:27:Infinity":5,"f:25:12:25:18":1,"s:26:4:26:Infinity":6,"s:29:2:34:Infinity":7,"f:29:12:29:18":2,"b:30:4:30:Infinity:undefined:undefined:undefined:undefined":0,"s:30:4:30:Infinity":8,"s:30:33:30:Infinity":9,"s:31:16:31:Infinity":10,"s:32:10:32:Infinity":11,"s:33:4:33:Infinity":12,"s:36:32:42:Infinity":13,"f:36:32:36:33":3,"b:37:4:41:Infinity:39:11:41:Infinity":1,"s:37:4:41:Infinity":14,"f:37:29:37:34":4,"s:37:34:37:47":15,"s:38:6:38:Infinity":16,"f:38:48:38:53":5,"s:38:53:38:66":17,"s:40:6:40:Infinity":18,"s:44:2:133:Infinity":19,"f:59:22:59:23":6,"s:59:29:59:Infinity":20,"f:68:28:68:Infinity":7,"s:69:12:75:Infinity":21,"f:71:23:71:29":8,"s:71:29:71:Infinity":22,"b:71:69:71:76:71:76:71:78":2,"b:72:109:72:165:72:165:72:237":3,"f:83:25:83:Infinity":9,"s:84:12:90:Infinity":23,"f:86:23:86:29":10,"s:86:29:86:Infinity":24,"b:87:95:87:176:87:176:87:248":4,"f:98:26:98:31":11,"s:99:31:99:Infinity":25,"f:99:54:99:59":12,"s:99:59:99:72":26,"s:100:12:116:Infinity":27,"f:103:25:103:31":13,"s:103:31:103:Infinity":28,"b:104:115:104:153:104:153:104:204":5,"b:107:127:107:159:107:159:107:176":6,"b:108:21:108:35:108:35:108:Infinity":7,"b:111:60:111:78:111:78:111:93":8,"b:115:17:115:31:115:31:115:Infinity":9,"f:126:21:126:27":14,"s:126:27:126:Infinity":29,"b:129:42:129:60:129:60:129:79":10}}}
,"/Users/abenezerdara/Desktop/tinkering/workout-buddy/views/Summary.tsx": {"path":"/Users/abenezerdara/Desktop/tinkering/workout-buddy/views/Summary.tsx","statementMap":{"0":{"start":{"line":11,"column":40},"end":{"line":86,"column":null}},"1":{"start":{"line":12,"column":14},"end":{"line":12,"column":null}},"2":{"start":{"line":12,"column":51},"end":{"line":12,"column":57}},"3":{"start":{"line":13,"column":18},"end":{"line":13,"column":null}},"4":{"start":{"line":13,"column":55},"end":{"line":13,"column":64}},"5":{"start":{"line":15,"column":2},"end":{"line":84,"column":null}},"6":{"start":{"line":50,"column":14},"end":{"line":53,"column":null}},"7":{"start":{"line":63,"column":12},"end":{"line":73,"column":null}}},"fnMap":{"0":{"name":"(anonymous_0)","decl":{"start":{"line":11,"column":40},"end":{"line":11,"column":41}},"loc":{"start":{"line":11,"column":65},"end":{"line":86,"column":null}},"line":11},"1":{"name":"(anonymous_1)","decl":{"start":{"line":12,"column":46},"end":{"line":12,"column":51}},"loc":{"start":{"line":12,"column":51},"end":{"line":12,"column":57}},"line":12},"2":{"name":"(anonymous_2)","decl":{"start":{"line":13,"column":50},"end":{"line":13,"column":55}},"loc":{"start":{"line":13,"column":55},"end":{"line":13,"column":64}},"line":13},"3":{"name":"(anonymous_3)","decl":{"start":{"line":49,"column":21},"end":{"line":49,"column":null}},"loc":{"start":{"line":50,"column":14},"end":{"line":53,"column":null}},"line":50},"4":{"name":"(anonymous_4)","decl":{"start":{"line":62,"column":40},"end":{"line":62,"column":null}},"loc":{"start":{"line":63,"column":12},"end":{"line":73,"column":null}},"line":63}},"branchMap":{"0":{"loc":{"start":{"line":22,"column":11},"end":{"line":25,"column":null}},"type":"binary-expr","locations":[{"start":{"line":22,"column":11},"end":{"line":22,"column":null}},{"start":{"line":23,"column":12},"end":{"line":25,"column":null}}],"line":22},"1":{"loc":{"start":{"line":24,"column":34},"end":{"line":24,"column":60}},"type":"cond-expr","locations":[{"start":{"line":24,"column":51},"end":{"line":24,"column":57}},{"start":{"line":24,"column":57},"end":{"line":24,"column":60}}],"line":24},"2":{"loc":{"start":{"line":43,"column":7},"end":{"line":56,"column":null}},"type":"binary-expr","locations":[{"start":{"line":43,"column":7},"end":{"line":43,"column":null}},{"start":{"line":44,"column":8},"end":{"line":56,"column":null}}],"line":43},"3":{"loc":{"start":{"line":66,"column":55},"end":{"line":66,"column":111}},"type":"cond-expr","locations":[{"start":{"line":66,"column":67},"end":{"line":66,"column":86}},{"start":{"line":66,"column":86},"end":{"line":66,"column":111}}],"line":66},"4":{"loc":{"start":{"line":67,"column":19},"end":{"line":67,"column":null}},"type":"cond-expr","locations":[{"start":{"line":67,"column":31},"end":{"line":67,"column":52}},{"start":{"line":67,"column":52},"end":{"line":67,"column":null}}],"line":67}},"s":{"0":3,"1":3,"2":4,"3":3,"4":4,"5":3,"6":2,"7":4},"f":{"0":3,"1":4,"2":4,"3":2,"4":4},"b":{"0":[3,2],"1":[0,2],"2":[3,2],"3":[4,0],"4":[4,0]},"meta":{"lastBranch":5,"lastFunction":5,"lastStatement":8,"seen":{"s:11:40:86:Infinity":0,"f:11:40:11:41":0,"s:12:14:12:Infinity":1,"f:12:46:12:51":1,"s:12:51:12:57":2,"s:13:18:13:Infinity":3,"f:13:50:13:55":2,"s:13:55:13:64":4,"s:15:2:84:Infinity":5,"b:22:11:22:Infinity:23:12:25:Infinity":0,"b:24:51:24:57:24:57:24:60":1,"b:43:7:43:Infinity:44:8:56:Infinity":2,"f:49:21:49:Infinity":3,"s:50:14:53:Infinity":6,"f:62:40:62:Infinity":4,"s:63:12:73:Infinity":7,"b:66:67:66:86:66:86:66:111":3,"b:67:31:67:52:67:52:67:Infinity":4}}}
,"/Users/abenezerdara/Desktop/tinkering/workout-buddy/views/Sync.tsx": {"path":"/Users/abenezerdara/Desktop/tinkering/workout-buddy/views/Sync.tsx","statementMap":{"0":{"start":{"line":7,"column":23},"end":{"line":212,"column":null}},"1":{"start":{"line":8,"column":22},"end":{"line":8,"column":null}},"2":{"start":{"line":9,"column":24},"end":{"line":9,"column":null}},"3":{"start":{"line":10,"column":30},"end":{"line":10,"column":null}},"4":{"start":{"line":11,"column":28},"end":{"line":11,"column":null}},"5":{"start":{"line":12,"column":28},"end":{"line":12,"column":null}},"6":{"start":{"line":13,"column":24},"end":{"line":13,"column":null}},"7":{"start":{"line":14,"column":28},"end":{"line":14,"column":null}},"8":{"start":{"line":16,"column":2},"end":{"line":19,"column":null}},"9":{"start":{"line":17,"column":10},"end":{"line":17,"column":null}},"10":{"start":{"line":17,"column":44},"end":{"line":17,"column":54}},"11":{"start":{"line":18,"column":4},"end":{"line":18,"column":null}},"12":{"start":{"line":18,"column":17},"end":{"line":18,"column":null}},"13":{"start":{"line":21,"column":21},"end":{"line":36,"column":null}},"14":{"start":{"line":22,"column":4},"end":{"line":22,"column":null}},"15":{"start":{"line":23,"column":4},"end":{"line":23,"column":null}},"16":{"start":{"line":24,"column":4},"end":{"line":24,"column":null}},"17":{"start":{"line":25,"column":4},"end":{"line":35,"column":null}},"18":{"start":{"line":26,"column":6},"end":{"line":30,"column":null}},"19":{"start":{"line":27,"column":8},"end":{"line":27,"column":null}},"20":{"start":{"line":29,"column":8},"end":{"line":29,"column":null}},"21":{"start":{"line":32,"column":6},"end":{"line":32,"column":null}},"22":{"start":{"line":34,"column":6},"end":{"line":34,"column":null}},"23":{"start":{"line":38,"column":23},"end":{"line":51,"column":null}},"24":{"start":{"line":39,"column":4},"end":{"line":39,"column":null}},"25":{"start":{"line":39,"column":79},"end":{"line":39,"column":null}},"26":{"start":{"line":40,"column":4},"end":{"line":40,"column":null}},"27":{"start":{"line":41,"column":4},"end":{"line":41,"column":null}},"28":{"start":{"line":42,"column":4},"end":{"line":42,"column":null}},"29":{"start":{"line":43,"column":4},"end":{"line":50,"column":null}},"30":{"start":{"line":44,"column":6},"end":{"line":44,"column":null}},"31":{"start":{"line":45,"column":6},"end":{"line":45,"column":null}},"32":{"start":{"line":47,"column":6},"end":{"line":47,"column":null}},"33":{"start":{"line":49,"column":6},"end":{"line":49,"column":null}},"34":{"start":{"line":53,"column":25},"end":{"line":71,"column":null}},"35":{"start":{"line":54,"column":4},"end":{"line":54,"column":null}},"36":{"start":{"line":54,"column":135},"end":{"line":54,"column":null}},"37":{"start":{"line":55,"column":4},"end":{"line":55,"column":null}},"38":{"start":{"line":56,"column":4},"end":{"line":56,"column":null}},"39":{"start":{"line":57,"column":4},"end":{"line":57,"column":null}},"40":{"start":{"line":58,"column":4},"end":{"line":70,"column":null}},"41":{"start":{"line":59,"column":23},"end":{"line":59,"column":null}},"42":{"start":{"line":60,"column":6},"end":{"line":65,"column":null}},"43":{"start":{"line":61,"column":8},"end":{"line":61,"column":null}},"44":{"start":{"line":62,"column":8},"end":{"line":62,"column":null}},"45":{"start":{"line":62,"column":25},"end":{"line":62,"column":51}},"46":{"start":{"line":64,"column":8},"end":{"line":64,"column":null}},"47":{"start":{"line":67,"column":6},"end":{"line":67,"column":null}},"48":{"start":{"line":69,"column":6},"end":{"line":69,"column":null}},"49":{"start":{"line":73,"column":2},"end":{"line":135,"column":null}},"50":{"start":{"line":74,"column":4},"end":{"line":133,"column":null}},"51":{"start":{"line":94,"column":29},"end":{"line":94,"column":null}},"52":{"start":{"line":106,"column":29},"end":{"line":106,"column":null}},"53":{"start":{"line":127,"column":27},"end":{"line":127,"column":null}},"54":{"start":{"line":137,"column":2},"end":{"line":210,"column":null}},"55":{"start":{"line":145,"column":19},"end":{"line":145,"column":null}}},"fnMap":{"0":{"name":"(anonymous_0)","decl":{"start":{"line":7,"column":23},"end":{"line":7,"column":29}},"loc":{"start":{"line":7,"column":29},"end":{"line":212,"column":null}},"line":7},"1":{"name":"(anonymous_1)","decl":{"start":{"line":16,"column":12},"end":{"line":16,"column":18}},"loc":{"start":{"line":16,"column":18},"end":{"line":19,"column":5}},"line":16},"2":{"name":"(anonymous_2)","decl":{"start":{"line":17,"column":37},"end":{"line":17,"column":38}},"loc":{"start":{"line":17,"column":44},"end":{"line":17,"column":54}},"line":17},"3":{"name":"(anonymous_3)","decl":{"start":{"line":18,"column":11},"end":{"line":18,"column":17}},"loc":{"start":{"line":18,"column":17},"end":{"line":18,"column":null}},"line":18},"4":{"name":"(anonymous_4)","decl":{"start":{"line":21,"column":21},"end":{"line":21,"column":28}},"loc":{"start":{"line":21,"column":51},"end":{"line":36,"column":null}},"line":21},"5":{"name":"(anonymous_5)","decl":{"start":{"line":38,"column":23},"end":{"line":38,"column":35}},"loc":{"start":{"line":38,"column":35},"end":{"line":51,"column":null}},"line":38},"6":{"name":"(anonymous_6)","decl":{"start":{"line":53,"column":25},"end":{"line":53,"column":37}},"loc":{"start":{"line":53,"column":37},"end":{"line":71,"column":null}},"line":53},"7":{"name":"(anonymous_7)","decl":{"start":{"line":62,"column":19},"end":{"line":62,"column":25}},"loc":{"start":{"line":62,"column":25},"end":{"line":62,"column":51}},"line":62},"8":{"name":"(anonymous_8)","decl":{"start":{"line":94,"column":24},"end":{"line":94,"column":29}},"loc":{"start":{"line":94,"column":29},"end":{"line":94,"column":null}},"line":94},"9":{"name":"(anonymous_9)","decl":{"start":{"line":106,"column":24},"end":{"line":106,"column":29}},"loc":{"start":{"line":106,"column":29},"end":{"line":106,"column":null}},"line":106},"10":{"name":"(anonymous_10)","decl":{"start":{"line":127,"column":21},"end":{"line":127,"column":27}},"loc":{"start":{"line":127,"column":27},"end":{"line":127,"column":null}},"line":127},"11":{"name":"(anonymous_11)","decl":{"start":{"line":145,"column":19},"end":{"line":145,"column":25}},"loc":{"start":{"line":145,"column":19},"end":{"line":145,"column":null}},"line":145}},"branchMap":{"0":{"loc":{"start":{"line":26,"column":6},"end":{"line":30,"column":null}},"type":"if","locations":[{"start":{"line":26,"column":6},"end":{"line":30,"column":null}},{"start":{"line":28,"column":13},"end":{"line":30,"column":null}}],"line":26},"1":{"loc":{"start":{"line":39,"column":4},"end":{"line":39,"column":null}},"type":"if","locations":[{"start":{"line":39,"column":4},"end":{"line":39,"column":null}},{"start":{},"end":{}}],"line":39},"2":{"loc":{"start":{"line":54,"column":4},"end":{"line":54,"column":null}},"type":"if","locations":[{"start":{"line":54,"column":4},"end":{"line":54,"column":null}},{"start":{},"end":{}}],"line":54},"3":{"loc":{"start":{"line":60,"column":6},"end":{"line":65,"column":null}},"type":"if","locations":[{"start":{"line":60,"column":6},"end":{"line":65,"column":null}},{"start":{"line":63,"column":13},"end":{"line":65,"column":null}}],"line":60},"4":{"loc":{"start":{"line":73,"column":2},"end":{"line":135,"column":null}},"type":"if","locations":[{"start":{"line":73,"column":2},"end":{"line":135,"column":null}},{"start":{},"end":{}}],"line":73},"5":{"loc":{"start":{"line":110,"column":11},"end":{"line":114,"column":null}},"type":"binary-expr","locations":[{"start":{"line":110,"column":11},"end":{"line":110,"column":null}},{"start":{"line":111,"column":12},"end":{"line":114,"column":null}}],"line":110},"6":{"loc":{"start":{"line":122,"column":13},"end":{"line":122,"column":null}},"type":"cond-expr","locations":[{"start":{"line":122,"column":23},"end":{"line":122,"column":73}},{"start":{"line":122,"column":73},"end":{"line":122,"column":null}}],"line":122},"7":{"loc":{"start":{"line":122,"column":73},"end":{"line":122,"column":null}},"type":"cond-expr","locations":[{"start":{"line":122,"column":83},"end":{"line":122,"column":95}},{"start":{"line":122,"column":95},"end":{"line":122,"column":null}}],"line":122},"8":{"loc":{"start":{"line":130,"column":13},"end":{"line":130,"column":null}},"type":"cond-expr","locations":[{"start":{"line":130,"column":23},"end":{"line":130,"column":52}},{"start":{"line":130,"column":52},"end":{"line":130,"column":null}}],"line":130},"9":{"loc":{"start":{"line":195,"column":6},"end":{"line":201,"column":null}},"type":"binary-expr","locations":[{"start":{"line":197,"column":8},"end":{"line":197,"column":17}},{"start":{"line":197,"column":17},"end":{"line":197,"column":null}},{"start":{"line":198,"column":8},"end":{"line":201,"column":null}}],"line":195},"10":{"loc":{"start":{"line":198,"column":74},"end":{"line":198,"column":197}},"type":"cond-expr","locations":[{"start":{"line":198,"column":82},"end":{"line":198,"column":138}},{"start":{"line":198,"column":138},"end":{"line":198,"column":197}}],"line":198},"11":{"loc":{"start":{"line":199,"column":11},"end":{"line":199,"column":null}},"type":"cond-expr","locations":[{"start":{"line":199,"column":19},"end":{"line":199,"column":68}},{"start":{"line":199,"column":68},"end":{"line":199,"column":null}}],"line":199},"12":{"loc":{"start":{"line":200,"column":17},"end":{"line":200,"column":34}},"type":"binary-expr","locations":[{"start":{"line":200,"column":17},"end":{"line":200,"column":26}},{"start":{"line":200,"column":26},"end":{"line":200,"column":34}}],"line":200},"13":{"loc":{"start":{"line":204,"column":7},"end":{"line":208,"column":null}},"type":"binary-expr","locations":[{"start":{"line":204,"column":7},"end":{"line":204,"column":null}},{"start":{"line":205,"column":8},"end":{"line":208,"column":null}}],"line":204}},"s":{"0":3,"1":13,"2":13,"3":13,"4":13,"5":13,"6":13,"7":13,"8":13,"9":4,"10":4,"11":4,"12":4,"13":13,"14":1,"15":1,"16":1,"17":1,"18":1,"19":1,"20":0,"21":0,"22":1,"23":13,"24":1,"25":0,"26":1,"27":1,"28":1,"29":1,"30":1,"31":1,"32":0,"33":1,"34":13,"35":0,"36":0,"37":0,"38":0,"39":0,"40":0,"41":0,"42":0,"43":0,"44":0,"45":0,"46":0,"47":0,"48":0,"49":13,"50":11,"51":1,"52":1,"53":1,"54":2,"55":0},"f":{"0":13,"1":4,"2":4,"3":4,"4":1,"5":1,"6":0,"7":0,"8":1,"9":1,"10":1,"11":0},"b":{"0":[1,0],"1":[0,1],"2":[0,0],"3":[0,0],"4":[11,2],"5":[11,0],"6":[1,10],"7":[8,2],"8":[9,2],"9":[2,2,0],"10":[0,0],"11":[0,0],"12":[0,0],"13":[13,1]},"meta":{"lastBranch":14,"lastFunction":12,"lastStatement":56,"seen":{"s:7:23:212:Infinity":0,"f:7:23:7:29":0,"s:8:22:8:Infinity":1,"s:9:24:9:Infinity":2,"s:10:30:10:Infinity":3,"s:11:28:11:Infinity":4,"s:12:28:12:Infinity":5,"s:13:24:13:Infinity":6,"s:14:28:14:Infinity":7,"s:16:2:19:Infinity":8,"f:16:12:16:18":1,"s:17:10:17:Infinity":9,"f:17:37:17:38":2,"s:17:44:17:54":10,"s:18:4:18:Infinity":11,"f:18:11:18:17":3,"s:18:17:18:Infinity":12,"s:21:21:36:Infinity":13,"f:21:21:21:28":4,"s:22:4:22:Infinity":14,"s:23:4:23:Infinity":15,"s:24:4:24:Infinity":16,"s:25:4:35:Infinity":17,"b:26:6:30:Infinity:28:13:30:Infinity":0,"s:26:6:30:Infinity":18,"s:27:8:27:Infinity":19,"s:29:8:29:Infinity":20,"s:32:6:32:Infinity":21,"s:34:6:34:Infinity":22,"s:38:23:51:Infinity":23,"f:38:23:38:35":5,"b:39:4:39:Infinity:undefined:undefined:undefined:undefined":1,"s:39:4:39:Infinity":24,"s:39:79:39:Infinity":25,"s:40:4:40:Infinity":26,"s:41:4:41:Infinity":27,"s:42:4:42:Infinity":28,"s:43:4:50:Infinity":29,"s:44:6:44:Infinity":30,"s:45:6:45:Infinity":31,"s:47:6:47:Infinity":32,"s:49:6:49:Infinity":33,"s:53:25:71:Infinity":34,"f:53:25:53:37":6,"b:54:4:54:Infinity:undefined:undefined:undefined:undefined":2,"s:54:4:54:Infinity":35,"s:54:135:54:Infinity":36,"s:55:4:55:Infinity":37,"s:56:4:56:Infinity":38,"s:57:4:57:Infinity":39,"s:58:4:70:Infinity":40,"s:59:23:59:Infinity":41,"b:60:6:65:Infinity:63:13:65:Infinity":3,"s:60:6:65:Infinity":42,"s:61:8:61:Infinity":43,"s:62:8:62:Infinity":44,"f:62:19:62:25":7,"s:62:25:62:51":45,"s:64:8:64:Infinity":46,"s:67:6:67:Infinity":47,"s:69:6:69:Infinity":48,"b:73:2:135:Infinity:undefined:undefined:undefined:undefined":4,"s:73:2:135:Infinity":49,"s:74:4:133:Infinity":50,"f:94:24:94:29":8,"s:94:29:94:Infinity":51,"f:106:24:106:29":9,"s:106:29:106:Infinity":52,"b:110:11:110:Infinity:111:12:114:Infinity":5,"b:122:23:122:73:122:73:122:Infinity":6,"b:122:83:122:95:122:95:122:Infinity":7,"f:127:21:127:27":10,"s:127:27:127:Infinity":53,"b:130:23:130:52:130:52:130:Infinity":8,"s:137:2:210:Infinity":54,"f:145:19:145:25":11,"s:145:19:145:Infinity":55,"b:197:8:197:17:197:17:197:Infinity:198:8:201:Infinity":9,"b:198:82:198:138:198:138:198:197":10,"b:199:19:199:68:199:68:199:Infinity":11,"b:200:17:200:26:200:26:200:34":12,"b:204:7:204:Infinity:205:8:208:Infinity":13}}}
}
